#-----------------------------------------------------------
# Vivado v2016.4 (64-bit)
# SW Build 1733598 on Wed Dec 14 22:35:39 MST 2016
# IP Build 1731160 on Wed Dec 14 23:47:21 MST 2016
# Start of session at: Tue Nov 24 16:34:14 2020
# Process ID: 5020
# Current directory: C:/Users/CSE.CAL/Desktop/MarawanMahmoud/Lec_Project_Code_rules/MileStone 3 Simulation/MileStone 3
# Command line: vivado.exe -gui_launcher_event rodinguilauncherevent7668 C:\Users\CSE.CAL\Desktop\MarawanMahmoud\Lec_Project_Code_rules\MileStone 3 Simulation\MileStone 3\MileStone 3.xpr
# Log file: C:/Users/CSE.CAL/Desktop/MarawanMahmoud/Lec_Project_Code_rules/MileStone 3 Simulation/MileStone 3/vivado.log
# Journal file: C:/Users/CSE.CAL/Desktop/MarawanMahmoud/Lec_Project_Code_rules/MileStone 3 Simulation/MileStone 3\vivado.jou
#-----------------------------------------------------------
start_gui
open_project {C:/Users/CSE.CAL/Desktop/MarawanMahmoud/Lec_Project_Code_rules/MileStone 3 Simulation/MileStone 3/MileStone 3.xpr}
INFO: [ProjectBase 1-489] The host OS only allows 260 characters in a normal path. The project is stored in a path with more than 80 characters. If you experience issues with IP, Block Designs, or files not being found, please consider moving the project to a location with a shorter path. Alternately consider using the OS subst command to map part of the path to a drive letter.
Current project path is 'C:/Users/CSE.CAL/Desktop/MarawanMahmoud/Lec_Project_Code_rules/MileStone 3 Simulation/MileStone 3'
Scanning sources...
Finished scanning sources
INFO: [IP_Flow 19-234] Refreshing IP repositories
INFO: [IP_Flow 19-1704] No user IP repositories specified
INFO: [IP_Flow 19-2313] Loaded Vivado IP repository 'C:/Xilinx/Vivado/2016.4/data/ip'.
launch_simulation
INFO: [SIM-utils-51] Simulation object is 'sim_1'
INFO: [USF-XSim-37] Inspecting design source files for 'FullProcessor_tb' in fileset 'sim_1'...
INFO: [SIM-utils-43] Exported 'C:/Users/CSE.CAL/Desktop/MarawanMahmoud/Lec_Project_Code_rules/MileStone 3 Simulation/MileStone 3/MileStone 3.sim/sim_1/behav/test1R_Itype.mem'
INFO: [SIM-utils-43] Exported 'C:/Users/CSE.CAL/Desktop/MarawanMahmoud/Lec_Project_Code_rules/MileStone 3 Simulation/MileStone 3/MileStone 3.sim/sim_1/behav/DataMemInit.mem'
INFO: [SIM-utils-43] Exported 'C:/Users/CSE.CAL/Desktop/MarawanMahmoud/Lec_Project_Code_rules/MileStone 3 Simulation/MileStone 3/MileStone 3.sim/sim_1/behav/test1R_Itype.mem'
INFO: [SIM-utils-43] Exported 'C:/Users/CSE.CAL/Desktop/MarawanMahmoud/Lec_Project_Code_rules/MileStone 3 Simulation/MileStone 3/MileStone 3.sim/sim_1/behav/DataMemInit.mem'
INFO: [USF-XSim-97] Finding global include files...
INFO: [USF-XSim-98] Fetching design files from 'sim_1'...
INFO: [USF-XSim-2] XSim::Compile design
INFO: [USF-XSim-61] Executing 'COMPILE and ANALYZE' step in 'C:/Users/CSE.CAL/Desktop/MarawanMahmoud/Lec_Project_Code_rules/MileStone 3 Simulation/MileStone 3/MileStone 3.sim/sim_1/behav'
"xvlog -m64 --relax -prj FullProcessor_tb_vlog.prj"
INFO: [VRFC 10-2263] Analyzing Verilog file "C:/Users/CSE.CAL/Desktop/MarawanMahmoud/Lec_Project_Code_rules/MileStone 3 Simulation/MileStone 3/MileStone 3.srcs/sources_1/imports/Lec_Project_Code_rules/dflipflop.v" into library xil_defaultlib
INFO: [VRFC 10-311] analyzing module dflipflop
INFO: [VRFC 10-2263] Analyzing Verilog file "C:/Users/CSE.CAL/Desktop/MarawanMahmoud/Lec_Project_Code_rules/MileStone 3 Simulation/MileStone 3/MileStone 3.srcs/sources_1/imports/Lec_Project_Code_rules/mux2.v" into library xil_defaultlib
INFO: [VRFC 10-311] analyzing module mux2
INFO: [VRFC 10-2263] Analyzing Verilog file "C:/Users/CSE.CAL/Desktop/MarawanMahmoud/Lec_Project_Code_rules/MileStone 3 Simulation/MileStone 3/MileStone 3.srcs/sources_1/imports/Lec_Project_Code_rules/Accumulativeflip.v" into library xil_defaultlib
INFO: [VRFC 10-311] analyzing module Accumulativeflip
INFO: [VRFC 10-2263] Analyzing Verilog file "C:/Users/CSE.CAL/Desktop/MarawanMahmoud/Lec_Project_Code_rules/MileStone 3 Simulation/MileStone 3/MileStone 3.srcs/sources_1/imports/Lec_Project_Code_rules/decoder32.v" into library xil_defaultlib
INFO: [VRFC 10-311] analyzing module decoder32
INFO: [VRFC 10-2263] Analyzing Verilog file "C:/Users/CSE.CAL/Desktop/MarawanMahmoud/Lec_Project_Code_rules/MileStone 3 Simulation/MileStone 3/MileStone 3.srcs/sources_1/new/SingleMem.v" into library xil_defaultlib
INFO: [VRFC 10-311] analyzing module SingleMem
INFO: [VRFC 10-2263] Analyzing Verilog file "C:/Users/CSE.CAL/Desktop/MarawanMahmoud/Lec_Project_Code_rules/MileStone 3 Simulation/MileStone 3/MileStone 3.srcs/sources_1/new/clkdivider.v" into library xil_defaultlib
INFO: [VRFC 10-311] analyzing module clkdivider
INFO: [VRFC 10-2263] Analyzing Verilog file "C:/Users/CSE.CAL/Desktop/MarawanMahmoud/Lec_Project_Code_rules/MileStone 3 Simulation/MileStone 3/MileStone 3.srcs/sources_1/new/ForwardingUnit.v" into library xil_defaultlib
INFO: [VRFC 10-311] analyzing module ForwardingUnit
INFO: [VRFC 10-2263] Analyzing Verilog file "C:/Users/CSE.CAL/Desktop/MarawanMahmoud/Lec_Project_Code_rules/MileStone 3 Simulation/MileStone 3/MileStone 3.srcs/sources_1/imports/Lec_Project_Code_rules/Regfile.v" into library xil_defaultlib
INFO: [VRFC 10-311] analyzing module RegFile
INFO: [VRFC 10-2263] Analyzing Verilog file "C:/Users/CSE.CAL/Desktop/MarawanMahmoud/Lec_Project_Code_rules/MileStone 3 Simulation/MileStone 3/MileStone 3.srcs/sources_1/imports/Lec_Project_Code_rules/prv32_ALU.v" into library xil_defaultlib
INFO: [VRFC 10-311] analyzing module shifter
INFO: [VRFC 10-311] analyzing module prv32_ALU
INFO: [VRFC 10-2263] Analyzing Verilog file "C:/Users/CSE.CAL/Desktop/MarawanMahmoud/Lec_Project_Code_rules/MileStone 3 Simulation/MileStone 3/MileStone 3.srcs/sources_1/imports/Lec_Project_Code_rules/muxarray.v" into library xil_defaultlib
INFO: [VRFC 10-311] analyzing module muxarray
INFO: [VRFC 10-2263] Analyzing Verilog file "C:/Users/CSE.CAL/Desktop/MarawanMahmoud/Lec_Project_Code_rules/MileStone 3 Simulation/MileStone 3/MileStone 3.srcs/sources_1/imports/Lec_Project_Code_rules/RippleCarryAdder.v" into library xil_defaultlib
INFO: [VRFC 10-311] analyzing module FullAdder
INFO: [VRFC 10-311] analyzing module ripple0
INFO: [VRFC 10-2263] Analyzing Verilog file "C:/Users/CSE.CAL/Desktop/MarawanMahmoud/Lec_Project_Code_rules/MileStone 3 Simulation/MileStone 3/MileStone 3.srcs/sources_1/imports/Lec_Project_Code_rules/ALU_control_unit.v" into library xil_defaultlib
INFO: [VRFC 10-311] analyzing module ALU_control_unit
INFO: [VRFC 10-2263] Analyzing Verilog file "C:/Users/CSE.CAL/Desktop/MarawanMahmoud/Lec_Project_Code_rules/MileStone 3 Simulation/MileStone 3/MileStone 3.srcs/sources_1/imports/Lec_Project_Code_rules/control_unit.v" into library xil_defaultlib
INFO: [VRFC 10-311] analyzing module control_unit
INFO: [VRFC 10-2263] Analyzing Verilog file "C:/Users/CSE.CAL/Desktop/MarawanMahmoud/Lec_Project_Code_rules/MileStone 3 Simulation/MileStone 3/MileStone 3.srcs/sources_1/imports/Lec_Project_Code_rules/mux4.v" into library xil_defaultlib
INFO: [VRFC 10-311] analyzing module mux4
INFO: [VRFC 10-2263] Analyzing Verilog file "C:/Users/CSE.CAL/Desktop/MarawanMahmoud/Lec_Project_Code_rules/MileStone 3 Simulation/MileStone 3/MileStone 3.srcs/sources_1/imports/Lec_Project_Code_rules/immgen.v" into library xil_defaultlib
INFO: [VRFC 10-311] analyzing module rv32_ImmGen
INFO: [VRFC 10-2263] Analyzing Verilog file "C:/Users/CSE.CAL/Desktop/MarawanMahmoud/Lec_Project_Code_rules/MileStone 3 Simulation/MileStone 3/MileStone 3.srcs/sources_1/imports/new/FullProcessorPipelined.v" into library xil_defaultlib
INFO: [VRFC 10-311] analyzing module FullProcessorPipelined
INFO: [VRFC 10-2263] Analyzing Verilog file "C:/Users/CSE.CAL/Desktop/MarawanMahmoud/Lec_Project_Code_rules/MileStone 3 Simulation/MileStone 3/MileStone 3.srcs/sim_1/imports/Lec_Project_Code_rules/FullProcessor_tb.v" into library xil_defaultlib
INFO: [VRFC 10-311] analyzing module FullProcessor_tb
INFO: [VRFC 10-2263] Analyzing Verilog file "C:/Users/CSE.CAL/Desktop/MarawanMahmoud/Lec_Project_Code_rules/MileStone 3 Simulation/MileStone 3/MileStone 3.sim/sim_1/behav/glbl.v" into library xil_defaultlib
INFO: [VRFC 10-311] analyzing module glbl
INFO: [USF-XSim-69] 'compile' step finished in '4' seconds
INFO: [USF-XSim-3] XSim::Elaborate design
INFO: [USF-XSim-61] Executing 'ELABORATE' step in 'C:/Users/CSE.CAL/Desktop/MarawanMahmoud/Lec_Project_Code_rules/MileStone 3 Simulation/MileStone 3/MileStone 3.sim/sim_1/behav'
Vivado Simulator 2016.4
Copyright 1986-1999, 2001-2016 Xilinx, Inc. All Rights Reserved.
Running: C:/Xilinx/Vivado/2016.4/bin/unwrapped/win64.o/xelab.exe -wto fbf0e0eefe394a4d893bada3069f5ee6 --debug typical --relax --mt 2 -L xil_defaultlib -L unisims_ver -L unimacro_ver -L secureip --snapshot FullProcessor_tb_behav xil_defaultlib.FullProcessor_tb xil_defaultlib.glbl -log elaborate.log 
Using 2 slave threads.
Starting static elaboration
WARNING: [VRFC 10-278] actual bit length 32 differs from formal bit length 1 for port sel [C:/Users/CSE.CAL/Desktop/MarawanMahmoud/Lec_Project_Code_rules/MileStone 3 Simulation/MileStone 3/MileStone 3.srcs/sources_1/imports/new/FullProcessorPipelined.v:57]
WARNING: [VRFC 10-278] actual bit length 32 differs from formal bit length 1 for port cin [C:/Users/CSE.CAL/Desktop/MarawanMahmoud/Lec_Project_Code_rules/MileStone 3 Simulation/MileStone 3/MileStone 3.srcs/sources_1/imports/new/FullProcessorPipelined.v:59]
WARNING: [VRFC 10-278] actual bit length 32 differs from formal bit length 1 for port regwrite [C:/Users/CSE.CAL/Desktop/MarawanMahmoud/Lec_Project_Code_rules/MileStone 3 Simulation/MileStone 3/MileStone 3.srcs/sources_1/imports/Lec_Project_Code_rules/Regfile.v:32]
WARNING: [VRFC 10-278] actual bit length 32 differs from formal bit length 1 for port sel [C:/Users/CSE.CAL/Desktop/MarawanMahmoud/Lec_Project_Code_rules/MileStone 3 Simulation/MileStone 3/MileStone 3.srcs/sources_1/imports/new/FullProcessorPipelined.v:101]
WARNING: [VRFC 10-278] actual bit length 32 differs from formal bit length 1 for port sel [C:/Users/CSE.CAL/Desktop/MarawanMahmoud/Lec_Project_Code_rules/MileStone 3 Simulation/MileStone 3/MileStone 3.srcs/sources_1/imports/new/FullProcessorPipelined.v:138]
WARNING: [VRFC 10-278] actual bit length 32 differs from formal bit length 1 for port cin [C:/Users/CSE.CAL/Desktop/MarawanMahmoud/Lec_Project_Code_rules/MileStone 3 Simulation/MileStone 3/MileStone 3.srcs/sources_1/imports/new/FullProcessorPipelined.v:161]
WARNING: [VRFC 10-278] actual bit length 32 differs from formal bit length 9 for port b [C:/Users/CSE.CAL/Desktop/MarawanMahmoud/Lec_Project_Code_rules/MileStone 3 Simulation/MileStone 3/MileStone 3.srcs/sources_1/imports/new/FullProcessorPipelined.v:170]
WARNING: [VRFC 10-278] actual bit length 32 differs from formal bit length 1 for port sel [C:/Users/CSE.CAL/Desktop/MarawanMahmoud/Lec_Project_Code_rules/MileStone 3 Simulation/MileStone 3/MileStone 3.srcs/sources_1/imports/new/FullProcessorPipelined.v:186]
WARNING: [VRFC 10-278] actual bit length 32 differs from formal bit length 1 for port sel [C:/Users/CSE.CAL/Desktop/MarawanMahmoud/Lec_Project_Code_rules/MileStone 3 Simulation/MileStone 3/MileStone 3.srcs/sources_1/imports/new/FullProcessorPipelined.v:231]
Completed static elaboration
Starting simulation data flow analysis
WARNING: [XSIM 43-4099] "C:/Users/CSE.CAL/Desktop/MarawanMahmoud/Lec_Project_Code_rules/MileStone 3 Simulation/MileStone 3/MileStone 3.srcs/sources_1/imports/Lec_Project_Code_rules/immgen.v" Line 3. Module rv32_ImmGen doesn't have a timescale but at least one module in design has a timescale.
WARNING: [XSIM 43-4099] "C:/Users/CSE.CAL/Desktop/MarawanMahmoud/Lec_Project_Code_rules/MileStone 3 Simulation/MileStone 3/MileStone 3.srcs/sources_1/imports/Lec_Project_Code_rules/prv32_ALU.v" Line 22. Module prv32_ALU doesn't have a timescale but at least one module in design has a timescale.
WARNING: [XSIM 43-4099] "C:/Users/CSE.CAL/Desktop/MarawanMahmoud/Lec_Project_Code_rules/MileStone 3 Simulation/MileStone 3/MileStone 3.srcs/sources_1/imports/Lec_Project_Code_rules/prv32_ALU.v" Line 3. Module shifter doesn't have a timescale but at least one module in design has a timescale.
WARNING: [XSIM 43-4099] "C:/Users/CSE.CAL/Desktop/MarawanMahmoud/Lec_Project_Code_rules/MileStone 3 Simulation/MileStone 3/MileStone 3.srcs/sources_1/imports/Lec_Project_Code_rules/prv32_ALU.v" Line 3. Module shifter doesn't have a timescale but at least one module in design has a timescale.
WARNING: [XSIM 43-4099] "C:/Users/CSE.CAL/Desktop/MarawanMahmoud/Lec_Project_Code_rules/MileStone 3 Simulation/MileStone 3/MileStone 3.srcs/sources_1/imports/Lec_Project_Code_rules/immgen.v" Line 3. Module rv32_ImmGen doesn't have a timescale but at least one module in design has a timescale.
WARNING: [XSIM 43-4099] "C:/Users/CSE.CAL/Desktop/MarawanMahmoud/Lec_Project_Code_rules/MileStone 3 Simulation/MileStone 3/MileStone 3.srcs/sources_1/imports/Lec_Project_Code_rules/prv32_ALU.v" Line 22. Module prv32_ALU doesn't have a timescale but at least one module in design has a timescale.
WARNING: [XSIM 43-4099] "C:/Users/CSE.CAL/Desktop/MarawanMahmoud/Lec_Project_Code_rules/MileStone 3 Simulation/MileStone 3/MileStone 3.srcs/sources_1/imports/Lec_Project_Code_rules/prv32_ALU.v" Line 3. Module shifter doesn't have a timescale but at least one module in design has a timescale.
WARNING: [XSIM 43-4099] "C:/Users/CSE.CAL/Desktop/MarawanMahmoud/Lec_Project_Code_rules/MileStone 3 Simulation/MileStone 3/MileStone 3.srcs/sources_1/imports/Lec_Project_Code_rules/prv32_ALU.v" Line 3. Module shifter doesn't have a timescale but at least one module in design has a timescale.
Completed simulation data flow analysis
Time Resolution for simulation is 1ps
Compiling module xil_defaultlib.clkdivider
Compiling module xil_defaultlib.mux2
Compiling module xil_defaultlib.muxarray_default
Compiling module xil_defaultlib.dflipflop
Compiling module xil_defaultlib.Accumulativeflip(N=64)
Compiling module xil_defaultlib.FullAdder
Compiling module xil_defaultlib.ripple0_default
Compiling module xil_defaultlib.control_unit
Compiling module xil_defaultlib.muxarray(N=10)
Compiling module xil_defaultlib.Accumulativeflip_default
Compiling module xil_defaultlib.decoder32
Compiling module xil_defaultlib.RegFile_default
Compiling module xil_defaultlib.rv32_ImmGen
Compiling module xil_defaultlib.Accumulativeflip(N=169)
Compiling module xil_defaultlib.ForwardingUnit
Compiling module xil_defaultlib.ALU_control_unit
Compiling module xil_defaultlib.mux4
Compiling module xil_defaultlib.shifter
Compiling module xil_defaultlib.prv32_ALU
Compiling module xil_defaultlib.muxarray(N=9)
Compiling module xil_defaultlib.Accumulativeflip(N=149)
Compiling module xil_defaultlib.SingleMem
Compiling module xil_defaultlib.Accumulativeflip(N=104)
Compiling module xil_defaultlib.FullProcessorPipelined
Compiling module xil_defaultlib.FullProcessor_tb
Compiling module xil_defaultlib.glbl
Built simulation snapshot FullProcessor_tb_behav

****** Webtalk v2016.4 (64-bit)
  **** SW Build 1733598 on Wed Dec 14 22:35:39 MST 2016
  **** IP Build 1731160 on Wed Dec 14 23:47:21 MST 2016
    ** Copyright 1986-2016 Xilinx, Inc. All Rights Reserved.

source C:/Users/CSE.CAL/Desktop/MarawanMahmoud/Lec_Project_Code_rules/MileStone -notrace
couldn't read file "C:/Users/CSE.CAL/Desktop/MarawanMahmoud/Lec_Project_Code_rules/MileStone": permission denied
INFO: [Common 17-206] Exiting Webtalk at Tue Nov 24 16:35:06 2020...
run_program: Time (s): cpu = 00:00:01 ; elapsed = 00:00:07 . Memory (MB): peak = 818.203 ; gain = 0.000
INFO: [USF-XSim-69] 'elaborate' step finished in '7' seconds
INFO: [USF-XSim-4] XSim::Simulate design
INFO: [USF-XSim-61] Executing 'SIMULATE' step in 'C:/Users/CSE.CAL/Desktop/MarawanMahmoud/Lec_Project_Code_rules/MileStone 3 Simulation/MileStone 3/MileStone 3.sim/sim_1/behav'
INFO: [USF-XSim-98] *** Running xsim
   with args "FullProcessor_tb_behav -key {Behavioral:sim_1:Functional:FullProcessor_tb} -tclbatch {FullProcessor_tb.tcl} -log {simulate.log}"
INFO: [USF-XSim-8] Loading simulator feature
Vivado Simulator 2016.4
Time resolution is 1 ps
source FullProcessor_tb.tcl
# set curr_wave [current_wave_config]
# if { [string length $curr_wave] == 0 } {
#   if { [llength [get_objects]] > 0} {
#     add_wave /
#     set_property needs_save false [current_wave_config]
#   } else {
#      send_msg_id Add_Wave-1 WARNING "No top level signals found. Simulator will start without a wave window. If you want to open a wave window go to 'File->New Waveform Configuration' or type 'create_wave_config' in the TCL console."
#   }
# }
# run 50000ns
scan_faults: 1  data: 9
count: 1 
scan_faults: 1  data: 3
count: 2 
scan_faults: 1  data:  
count: 3 
scan_faults: 1  data: 0
count: 4 
scan_faults: 1  data: 0
count: 5 
scan_faults: 1  data:  
count: 6 
scan_faults: 1  data: a
count: 7 
scan_faults: 1  data: 0
count: 8 
scan_faults: 1  data:  
count: 9 
scan_faults: 1  data: 0
count: 10 
scan_faults: 1  data: 0
count: 11 
scan_faults: 1  data:  
count: 12 
scan_faults: 1  data: 

count: 13 
scan_faults: 1  data: 1
count: 14 
scan_faults: 1  data: 3
count: 15 
scan_faults: 1  data:  
count: 16 
scan_faults: 1  data: 0
count: 17 
scan_faults: 1  data: 1
count: 18 
scan_faults: 1  data:  
count: 19 
scan_faults: 1  data: 9
count: 20 
scan_faults: 1  data: 0
count: 21 
scan_faults: 1  data:  
count: 22 
scan_faults: 1  data: 0
count: 23 
scan_faults: 1  data: 0
count: 24 
scan_faults: 1  data:  
count: 25 
scan_faults: 1  data: 

count: 26 
scan_faults: 1  data: 3
count: 27 
scan_faults: 1  data: 7
count: 28 
scan_faults: 1  data:  
count: 29 
scan_faults: 1  data: 0
count: 30 
scan_faults: 1  data: 2
count: 31 
scan_faults: 1  data:  
count: 32 
scan_faults: 1  data: 7
count: 33 
scan_faults: 1  data: 1
count: 34 
scan_faults: 1  data:  
count: 35 
scan_faults: 1  data: 0
count: 36 
scan_faults: 1  data: 2
count: 37 
scan_faults: 1  data:  
count: 38 
scan_faults: 1  data: 

count: 39 
scan_faults: 1  data: 9
count: 40 
scan_faults: 1  data: 7
count: 41 
scan_faults: 1  data:  
count: 42 
scan_faults: 1  data: 0
count: 43 
scan_faults: 1  data: 2
count: 44 
scan_faults: 1  data:  
count: 45 
scan_faults: 1  data: 7
count: 46 
scan_faults: 1  data: 1
count: 47 
scan_faults: 1  data:  
count: 48 
scan_faults: 1  data: 0
count: 49 
scan_faults: 1  data: 2
count: 50 
scan_faults: 1  data:  
count: 51 
scan_faults: 1  data: 

count: 52 
scan_faults: 1  data: e
count: 53 
scan_faults: 1  data: f
count: 54 
scan_faults: 1  data:  
count: 55 
scan_faults: 1  data: 0
count: 56 
scan_faults: 1  data: 1
count: 57 
scan_faults: 1  data:  
count: 58 
scan_faults: 1  data: 8
count: 59 
scan_faults: 1  data: 0
count: 60 
scan_faults: 1  data:  
count: 61 
scan_faults: 1  data: 0
count: 62 
scan_faults: 1  data: 0
count: 63 
scan_faults: 1  data:  
count: 64 
scan_faults: 1  data: 

count: 65 
scan_faults: 1  data: 1
count: 66 
scan_faults: 1  data: 3
count: 67 
scan_faults: 1  data:  
count: 68 
scan_faults: 1  data: 0
count: 69 
scan_faults: 1  data: 2
count: 70 
scan_faults: 1  data:  
count: 71 
scan_faults: 1  data: 4
count: 72 
scan_faults: 1  data: 0
count: 73 
scan_faults: 1  data:  
count: 74 
scan_faults: 1  data: 0
count: 75 
scan_faults: 1  data: 0
count: 76 
scan_faults: 1  data:  
count: 77 
scan_faults: 1  data: 

count: 78 
scan_faults: 1  data: 3
count: 79 
scan_faults: 1  data: 3
count: 80 
scan_faults: 1  data:  
count: 81 
scan_faults: 1  data: 0
count: 82 
scan_faults: 1  data: 3
count: 83 
scan_faults: 1  data:  
count: 84 
scan_faults: 1  data: 3
count: 85 
scan_faults: 1  data: 1
count: 86 
scan_faults: 1  data:  
count: 87 
scan_faults: 1  data: 0
count: 88 
scan_faults: 1  data: 0
count: 89 
scan_faults: 1  data:  
count: 90 
scan_faults: 1  data: 

count: 91 
scan_faults: 1  data: 1
count: 92 
scan_faults: 1  data: 3
count: 93 
scan_faults: 1  data:  
count: 94 
scan_faults: 1  data: 0
count: 95 
scan_faults: 1  data: 1
count: 96 
scan_faults: 1  data:  
count: 97 
scan_faults: 1  data: 1
count: 98 
scan_faults: 1  data: 3
count: 99 
scan_faults: 1  data:  
count: 100 
scan_faults: 1  data: 0
count: 101 
scan_faults: 1  data: 0
count: 102 
scan_faults: 1  data:  
count: 103 
scan_faults: 1  data: 

count: 104 
scan_faults: 1  data: e
count: 105 
scan_faults: 1  data: 7
count: 106 
scan_faults: 1  data:  
count: 107 
scan_faults: 1  data: 8
count: 108 
scan_faults: 1  data: 1
count: 109 
scan_faults: 1  data:  
count: 110 
scan_faults: 1  data: 2
count: 111 
scan_faults: 1  data: 0
count: 112 
scan_faults: 1  data:  
count: 113 
scan_faults: 1  data: 0
count: 114 
scan_faults: 1  data: 2
count: 115 
scan_faults: 1  data:  
count: 116 
scan_faults: 1  data: 

count: 117 
scan_faults: 1  data: 1
count: 118 
scan_faults: 1  data: 3
count: 119 
scan_faults: 1  data:  
count: 120 
scan_faults: 1  data: 0
count: 121 
scan_faults: 1  data: 3
count: 122 
scan_faults: 1  data:  
count: 123 
scan_faults: 1  data: 4
count: 124 
scan_faults: 1  data: 0
count: 125 
scan_faults: 1  data:  
count: 126 
scan_faults: 1  data: 0
count: 127 
scan_faults: 1  data: 6
count: 128 
scan_faults: 1  data:  
count: 129 
scan_faults: 1  data: 

count: 130 
scan_faults: 1  data: 1
count: 131 
scan_faults: 1  data: 3
count: 132 
scan_faults: 1  data:  
count: 133 
scan_faults: 1  data: 0
count: 134 
scan_faults: 1  data: 2
count: 135 
scan_faults: 1  data:  
count: 136 
scan_faults: 1  data: 4
count: 137 
scan_faults: 1  data: 0
count: 138 
scan_faults: 1  data:  
count: 139 
scan_faults: 1  data: 0
count: 140 
scan_faults: 1  data: 6
count: 141 
scan_faults: 1  data:  
count: 142 
scan_faults: 1  data: 

count: 143 
scan_faults: 1  data: 9
count: 144 
scan_faults: 1  data: 3
count: 145 
scan_faults: 1  data:  
count: 146 
scan_faults: 1  data: 0
count: 147 
scan_faults: 1  data: 2
count: 148 
scan_faults: 1  data:  
count: 149 
scan_faults: 1  data: 3
count: 150 
scan_faults: 1  data: 0
count: 151 
scan_faults: 1  data:  
count: 152 
scan_faults: 1  data: 0
count: 153 
scan_faults: 1  data: 1
count: 154 
scan_faults: 1  data:  
count: 155 
scan_faults: 1  data: 

count: 156 
scan_faults: 1  data: 9
count: 157 
scan_faults: 1  data: 3
count: 158 
scan_faults: 1  data:  
count: 159 
scan_faults: 1  data: 8
count: 160 
scan_faults: 1  data: 6
count: 161 
scan_faults: 1  data:  
count: 162 
scan_faults: 1  data: 1
count: 163 
scan_faults: 1  data: 2
count: 164 
scan_faults: 1  data:  
count: 165 
scan_faults: 1  data: 0
count: 166 
scan_faults: 1  data: 0
count: 167 
scan_faults: 1  data:  
count: 168 
scan_faults: 1  data: 

count: 169 
scan_faults: 1  data: 9
count: 170 
scan_faults: 1  data: 3
count: 171 
scan_faults: 1  data:  
count: 172 
scan_faults: 1  data: a
count: 173 
scan_faults: 1  data: 0
count: 174 
scan_faults: 1  data:  
count: 175 
scan_faults: 1  data: f
count: 176 
scan_faults: 1  data: 2
count: 177 
scan_faults: 1  data:  
count: 178 
scan_faults: 1  data: f
count: 179 
scan_faults: 1  data: e
count: 180 
scan_faults: 1  data:  
count: 181 
scan_faults: 1  data: 

count: 182 
scan_faults: 1  data: 6
count: 183 
scan_faults: 1  data: 3
count: 184 
scan_faults: 1  data:  
count: 185 
scan_faults: 1  data: 8
count: 186 
scan_faults: 1  data: 4
count: 187 
scan_faults: 1  data:  
count: 188 
scan_faults: 1  data: 0
count: 189 
scan_faults: 1  data: 0
count: 190 
scan_faults: 1  data:  
count: 191 
scan_faults: 1  data: 0
count: 192 
scan_faults: 1  data: 0
count: 193 
scan_faults: 1  data:  
count: 194 
scan_faults: 1  data: 

count: 195 
scan_faults: 1  data: 1
count: 196 
scan_faults: 1  data: 3
count: 197 
scan_faults: 1  data:  
count: 198 
scan_faults: 1  data: 0
count: 199 
scan_faults: 1  data: 2
count: 200 
scan_faults: 1  data:  
count: 201 
scan_faults: 1  data: 4
count: 202 
scan_faults: 1  data: 0
count: 203 
scan_faults: 1  data:  
count: 204 
scan_faults: 1  data: 0
count: 205 
scan_faults: 1  data: 0
count: 206 
scan_faults: 1  data:  
count: 207 
scan_faults: 1  data: 

count: 208 
scan_faults: 1  data: 1
count: 209 
scan_faults: 1  data: 3
count: 210 
scan_faults: 1  data:  
count: 211 
scan_faults: 1  data: b
count: 212 
scan_faults: 1  data: 1
count: 213 
scan_faults: 1  data:  
count: 214 
scan_faults: 1  data: f
count: 215 
scan_faults: 1  data: 2
count: 216 
scan_faults: 1  data:  
count: 217 
scan_faults: 1  data: f
count: 218 
scan_faults: 1  data: e
count: 219 
scan_faults: 1  data:  
count: 220 
scan_faults: 1  data: 

count: 221 
scan_faults: 1  data: 1
count: 222 
scan_faults: 1  data: 3
count: 223 
scan_faults: 1  data:  
count: 224 
scan_faults: 1  data: 4
count: 225 
scan_faults: 1  data: 2
count: 226 
scan_faults: 1  data:  
count: 227 
scan_faults: 1  data: 9
count: 228 
scan_faults: 1  data: 3
count: 229 
scan_faults: 1  data:  
count: 230 
scan_faults: 1  data: 0
count: 231 
scan_faults: 1  data: 1
count: 232 
scan_faults: 1  data:  
count: 233 
scan_faults: 1  data: 

count: 234 
scan_faults: 1  data: 1
count: 235 
scan_faults: 1  data: 3
count: 236 
scan_faults: 1  data:  
count: 237 
scan_faults: 1  data: 6
count: 238 
scan_faults: 1  data: 2
count: 239 
scan_faults: 1  data:  
count: 240 
scan_faults: 1  data: 9
count: 241 
scan_faults: 1  data: 2
count: 242 
scan_faults: 1  data:  
count: 243 
scan_faults: 1  data: 0
count: 244 
scan_faults: 1  data: 1
count: 245 
scan_faults: 1  data:  
count: 246 
scan_faults: 1  data: 

count: 247 
scan_faults: 1  data: 9
count: 248 
scan_faults: 1  data: 3
count: 249 
scan_faults: 1  data:  
count: 250 
scan_faults: 1  data: 7
count: 251 
scan_faults: 1  data: 2
count: 252 
scan_faults: 1  data:  
count: 253 
scan_faults: 1  data: 8
count: 254 
scan_faults: 1  data: 2
count: 255 
scan_faults: 1  data:  
count: 256 
scan_faults: 1  data: 0
count: 257 
scan_faults: 1  data: 1
count: 258 
scan_faults: 1  data:  
count: 259 
scan_faults: 1  data: 

count: 260 
scan_faults: 1  data: 6
count: 261 
scan_faults: 1  data: 3
count: 262 
scan_faults: 1  data:  
count: 263 
scan_faults: 1  data: 9
count: 264 
scan_faults: 1  data: 4
count: 265 
scan_faults: 1  data:  
count: 266 
scan_faults: 1  data: 4
count: 267 
scan_faults: 1  data: 2
count: 268 
scan_faults: 1  data:  
count: 269 
scan_faults: 1  data: 0
count: 270 
scan_faults: 1  data: 0
count: 271 
scan_faults: 1  data:  
count: 272 
scan_faults: 1  data: 

count: 273 
scan_faults: 1  data: 1
count: 274 
scan_faults: 1  data: 3
count: 275 
scan_faults: 1  data:  
count: 276 
scan_faults: 1  data: 0
count: 277 
scan_faults: 1  data: 2
count: 278 
scan_faults: 1  data:  
count: 279 
scan_faults: 1  data: 4
count: 280 
scan_faults: 1  data: 0
count: 281 
scan_faults: 1  data:  
count: 282 
scan_faults: 1  data: 0
count: 283 
scan_faults: 1  data: 0
count: 284 
scan_faults: 1  data:  
count: 285 
scan_faults: 1  data: 

count: 286 
scan_faults: 1  data: 9
count: 287 
scan_faults: 1  data: 3
count: 288 
scan_faults: 1  data:  
count: 289 
scan_faults: 1  data: 9
count: 290 
scan_faults: 1  data: 2
count: 291 
scan_faults: 1  data:  
count: 292 
scan_faults: 1  data: 2
count: 293 
scan_faults: 1  data: 2
count: 294 
scan_faults: 1  data:  
count: 295 
scan_faults: 1  data: 0
count: 296 
scan_faults: 1  data: 0
count: 297 
scan_faults: 1  data:  
count: 298 
scan_faults: 1  data: 

count: 299 
scan_faults: 1  data: 1
count: 300 
scan_faults: 1  data: 3
count: 301 
scan_faults: 1  data:  
count: 302 
scan_faults: 1  data: d
count: 303 
scan_faults: 1  data: 3
count: 304 
scan_faults: 1  data:  
count: 305 
scan_faults: 1  data: 4
count: 306 
scan_faults: 1  data: 2
count: 307 
scan_faults: 1  data:  
count: 308 
scan_faults: 1  data: 0
count: 309 
scan_faults: 1  data: 0
count: 310 
scan_faults: 1  data:  
count: 311 
scan_faults: 1  data: 

count: 312 
scan_faults: 1  data: b
count: 313 
scan_faults: 1  data: 3
count: 314 
scan_faults: 1  data:  
count: 315 
scan_faults: 1  data: 0
count: 316 
scan_faults: 1  data: 3
count: 317 
scan_faults: 1  data:  
count: 318 
scan_faults: 1  data: 6
count: 319 
scan_faults: 1  data: 1
count: 320 
scan_faults: 1  data:  
count: 321 
scan_faults: 1  data: 0
count: 322 
scan_faults: 1  data: 0
count: 323 
scan_faults: 1  data:  
count: 324 
scan_faults: 1  data: 

count: 325 
scan_faults: 1  data: 3
count: 326 
scan_faults: 1  data: 3
count: 327 
scan_faults: 1  data:  
count: 328 
scan_faults: 1  data: 8
count: 329 
scan_faults: 1  data: 3
count: 330 
scan_faults: 1  data:  
count: 331 
scan_faults: 1  data: 4
count: 332 
scan_faults: 1  data: 3
count: 333 
scan_faults: 1  data:  
count: 334 
scan_faults: 1  data: 4
count: 335 
scan_faults: 1  data: 0
count: 336 
scan_faults: 1  data:  
count: 337 
scan_faults: 1  data: 

count: 338 
scan_faults: 1  data: 6
count: 339 
scan_faults: 1  data: 3
count: 340 
scan_faults: 1  data:  
count: 341 
scan_faults: 1  data: e
count: 342 
scan_faults: 1  data: 4
count: 343 
scan_faults: 1  data:  
count: 344 
scan_faults: 1  data: 6
count: 345 
scan_faults: 1  data: 3
count: 346 
scan_faults: 1  data:  
count: 347 
scan_faults: 1  data: 0
count: 348 
scan_faults: 1  data: 0
count: 349 
scan_faults: 1  data:  
count: 350 
scan_faults: 1  data: 

count: 351 
scan_faults: 1  data: 1
count: 352 
scan_faults: 1  data: 3
count: 353 
scan_faults: 1  data:  
count: 354 
scan_faults: 1  data: 0
count: 355 
scan_faults: 1  data: 2
count: 356 
scan_faults: 1  data:  
count: 357 
scan_faults: 1  data: 4
count: 358 
scan_faults: 1  data: 0
count: 359 
scan_faults: 1  data:  
count: 360 
scan_faults: 1  data: 0
count: 361 
scan_faults: 1  data: 0
count: 362 
scan_faults: 1  data:  
count: 363 
scan_faults: 1  data: 

count: 364 
scan_faults: 1  data: 9
count: 365 
scan_faults: 1  data: 3
count: 366 
scan_faults: 1  data:  
count: 367 
scan_faults: 1  data: 0
count: 368 
scan_faults: 1  data: 0
count: 369 
scan_faults: 1  data:  
count: 370 
scan_faults: 1  data: a
count: 371 
scan_faults: 1  data: 0
count: 372 
scan_faults: 1  data:  
count: 373 
scan_faults: 1  data: 0
count: 374 
scan_faults: 1  data: 0
count: 375 
scan_faults: 1  data:  
count: 376 
scan_faults: 1  data: 

count: 377 
scan_faults: 1  data: 2
count: 378 
scan_faults: 1  data: 3
count: 379 
scan_faults: 1  data:  
count: 380 
scan_faults: 1  data: a
count: 381 
scan_faults: 1  data: 0
count: 382 
scan_faults: 1  data:  
count: 383 
scan_faults: 1  data: 1
count: 384 
scan_faults: 1  data: 0
count: 385 
scan_faults: 1  data:  
count: 386 
scan_faults: 1  data: 0
count: 387 
scan_faults: 1  data: 0
count: 388 
scan_faults: 1  data:  
count: 389 
scan_faults: 1  data: 

count: 390 
scan_faults: 1  data: 0
count: 391 
scan_faults: 1  data: 3
count: 392 
scan_faults: 1  data:  
count: 393 
scan_faults: 1  data: a
count: 394 
scan_faults: 1  data: 2
count: 395 
scan_faults: 1  data:  
count: 396 
scan_faults: 1  data: 0
count: 397 
scan_faults: 1  data: 0
count: 398 
scan_faults: 1  data:  
count: 399 
scan_faults: 1  data: 0
count: 400 
scan_faults: 1  data: 0
count: 401 
scan_faults: 1  data:  
count: 402 
scan_faults: 1  data: 

count: 403 
scan_faults: 1  data: 1
count: 404 
scan_faults: 1  data: 3
count: 405 
scan_faults: 1  data:  
count: 406 
scan_faults: 1  data: 0
count: 407 
scan_faults: 1  data: 1
count: 408 
scan_faults: 1  data:  
count: 409 
scan_faults: 1  data: 2
count: 410 
scan_faults: 1  data: 0
count: 411 
scan_faults: 1  data:  
count: 412 
scan_faults: 1  data: 4
count: 413 
scan_faults: 1  data: d
count: 414 
scan_faults: 1  data:  
count: 415 
scan_faults: 1  data: 

count: 416 
scan_faults: 1  data: 9
count: 417 
scan_faults: 1  data: 3
count: 418 
scan_faults: 1  data:  
count: 419 
scan_faults: 1  data: 0
count: 420 
scan_faults: 1  data: 2
count: 421 
scan_faults: 1  data:  
count: 422 
scan_faults: 1  data: 0
count: 423 
scan_faults: 1  data: 0
count: 424 
scan_faults: 1  data:  
count: 425 
scan_faults: 1  data: 0
count: 426 
scan_faults: 1  data: 1
count: 427 
scan_faults: 1  data:  
count: 428 
scan_faults: 1  data: 

count: 429 
scan_faults: 1  data: 2
count: 430 
scan_faults: 1  data: 3
count: 431 
scan_faults: 1  data:  
count: 432 
scan_faults: 1  data: 8
count: 433 
scan_faults: 1  data: 0
count: 434 
scan_faults: 1  data:  
count: 435 
scan_faults: 1  data: 2
count: 436 
scan_faults: 1  data: 2
count: 437 
scan_faults: 1  data:  
count: 438 
scan_faults: 1  data: 0
count: 439 
scan_faults: 1  data: 0
count: 440 
scan_faults: 1  data:  
count: 441 
scan_faults: 1  data: 

count: 442 
scan_faults: 1  data: 0
count: 443 
scan_faults: 1  data: 3
count: 444 
scan_faults: 1  data:  
count: 445 
scan_faults: 1  data: 8
count: 446 
scan_faults: 1  data: 1
count: 447 
scan_faults: 1  data:  
count: 448 
scan_faults: 1  data: 0
count: 449 
scan_faults: 1  data: 2
count: 450 
scan_faults: 1  data:  
count: 451 
scan_faults: 1  data: 0
count: 452 
scan_faults: 1  data: 0
count: 453 
scan_faults: 1  data:  
count: 454 
scan_faults: 1  data: 

count: 455 
scan_faults: 1  data: 6
count: 456 
scan_faults: 1  data: 3
count: 457 
scan_faults: 1  data:  
count: 458 
scan_faults: 1  data: 4
count: 459 
scan_faults: 1  data: 4
count: 460 
scan_faults: 1  data:  
count: 461 
scan_faults: 1  data: 7
count: 462 
scan_faults: 1  data: 3
count: 463 
scan_faults: 1  data:  
count: 464 
scan_faults: 1  data: 0
count: 465 
scan_faults: 1  data: 0
count: 466 
scan_faults: 1  data:  
count: 467 
scan_faults: 1  data: 

count: 468 
scan_faults: 1  data: 1
count: 469 
scan_faults: 1  data: 3
count: 470 
scan_faults: 1  data:  
count: 471 
scan_faults: 1  data: 0
count: 472 
scan_faults: 1  data: 2
count: 473 
scan_faults: 1  data:  
count: 474 
scan_faults: 1  data: 4
count: 475 
scan_faults: 1  data: 0
count: 476 
scan_faults: 1  data:  
count: 477 
scan_faults: 1  data: 0
count: 478 
scan_faults: 1  data: 0
count: 479 
scan_faults: 1  data:  
count: 480 
scan_faults: 1  data: 

count: 481 
scan_faults: 1  data: 9
count: 482 
scan_faults: 1  data: 3
count: 483 
scan_faults: 1  data:  
count: 484 
scan_faults: 1  data: 0
count: 485 
scan_faults: 1  data: 3
count: 486 
scan_faults: 1  data:  
count: 487 
scan_faults: 1  data: 2
count: 488 
scan_faults: 1  data: 0
count: 489 
scan_faults: 1  data:  
count: 490 
scan_faults: 1  data: 0
count: 491 
scan_faults: 1  data: 0
count: 492 
scan_faults: 1  data:  
count: 493 
scan_faults: 1  data: 

count: 494 
scan_faults: 1  data: 3
count: 495 
scan_faults: 1  data: 3
count: 496 
scan_faults: 1  data:  
count: 497 
scan_faults: 1  data: 9
count: 498 
scan_faults: 1  data: 4
count: 499 
scan_faults: 1  data:  
count: 500 
scan_faults: 1  data: 7
count: 501 
scan_faults: 1  data: 3
count: 502 
scan_faults: 1  data:  
count: 503 
scan_faults: 1  data: 0
count: 504 
scan_faults: 1  data: 0
count: 505 
scan_faults: 1  data:  
count: 506 
scan_faults: 1  data: 

count: 507 
scan_faults: 1  data: b
count: 508 
scan_faults: 1  data: 3
count: 509 
scan_faults: 1  data:  
count: 510 
scan_faults: 1  data: a
count: 511 
scan_faults: 1  data: 4
count: 512 
scan_faults: 1  data:  
count: 513 
scan_faults: 1  data: 8
count: 514 
scan_faults: 1  data: 3
count: 515 
scan_faults: 1  data:  
count: 516 
scan_faults: 1  data: 0
count: 517 
scan_faults: 1  data: 0
count: 518 
scan_faults: 1  data:  
count: 519 
scan_faults: 1  data: 

count: 520 
scan_faults: 1  data: 9
count: 521 
scan_faults: 1  data: 3
count: 522 
scan_faults: 1  data:  
count: 523 
scan_faults: 1  data: 0
count: 524 
scan_faults: 1  data: 3
count: 525 
scan_faults: 1  data:  
count: 526 
scan_faults: 1  data: 6
count: 527 
scan_faults: 1  data: 0
count: 528 
scan_faults: 1  data:  
count: 529 
scan_faults: 1  data: f
count: 530 
scan_faults: 1  data: f
count: 531 
scan_faults: 1  data:  
count: 532 
scan_faults: 1  data: 

count: 533 
scan_faults: 1  data: 6
count: 534 
scan_faults: 1  data: 3
count: 535 
scan_faults: 1  data:  
count: 536 
scan_faults: 1  data: f
count: 537 
scan_faults: 1  data: 4
count: 538 
scan_faults: 1  data:  
count: 539 
scan_faults: 1  data: 9
count: 540 
scan_faults: 1  data: 3
count: 541 
scan_faults: 1  data:  
count: 542 
scan_faults: 1  data: 0
count: 543 
scan_faults: 1  data: 0
count: 544 
scan_faults: 1  data:  
count: 545 
scan_faults: 1  data: 

count: 546 
scan_faults: 1  data: 1
count: 547 
scan_faults: 1  data: 3
count: 548 
scan_faults: 1  data:  
count: 549 
scan_faults: 1  data: 0
count: 550 
scan_faults: 1  data: 2
count: 551 
scan_faults: 1  data:  
count: 552 
scan_faults: 1  data: 4
count: 553 
scan_faults: 1  data: 0
count: 554 
scan_faults: 1  data:  
count: 555 
scan_faults: 1  data: 0
count: 556 
scan_faults: 1  data: 0
count: 557 
scan_faults: 1  data:  
count: 558 
scan_faults: 1  data: 

count: 559 
scan_faults: 1  data: 3
count: 560 
scan_faults: 1  data: 3
count: 561 
scan_faults: 1  data:  
count: 562 
scan_faults: 1  data: 3
count: 563 
scan_faults: 1  data: 5
count: 564 
scan_faults: 1  data:  
count: 565 
scan_faults: 1  data: 7
count: 566 
scan_faults: 1  data: 4
count: 567 
scan_faults: 1  data:  
count: 568 
scan_faults: 1  data: 0
count: 569 
scan_faults: 1  data: 0
count: 570 
scan_faults: 1  data:  
count: 571 
scan_faults: 1  data: 

count: 572 
scan_faults: 1  data: 3
count: 573 
scan_faults: 1  data: 3
count: 574 
scan_faults: 1  data:  
count: 575 
scan_faults: 1  data: 2
count: 576 
scan_faults: 1  data: 5
count: 577 
scan_faults: 1  data:  
count: 578 
scan_faults: 1  data: 7
count: 579 
scan_faults: 1  data: 4
count: 580 
scan_faults: 1  data:  
count: 581 
scan_faults: 1  data: 0
count: 582 
scan_faults: 1  data: 0
count: 583 
scan_faults: 1  data:  
count: 584 
scan_faults: 1  data: 

count: 585 
scan_faults: 1  data: b
count: 586 
scan_faults: 1  data: 3
count: 587 
scan_faults: 1  data:  
count: 588 
scan_faults: 1  data: 4
count: 589 
scan_faults: 1  data: 5
count: 590 
scan_faults: 1  data:  
count: 591 
scan_faults: 1  data: 6
count: 592 
scan_faults: 1  data: 4
count: 593 
scan_faults: 1  data:  
count: 594 
scan_faults: 1  data: 0
count: 595 
scan_faults: 1  data: 0
count: 596 
scan_faults: 1  data:  
count: 597 
scan_faults: 1  data: 

count: 598 
scan_faults: 1  data: 9
count: 599 
scan_faults: 1  data: 3
count: 600 
scan_faults: 1  data:  
count: 601 
scan_faults: 1  data: 0
count: 602 
scan_faults: 1  data: 3
count: 603 
scan_faults: 1  data:  
count: 604 
scan_faults: 1  data: 2
count: 605 
scan_faults: 1  data: 0
count: 606 
scan_faults: 1  data:  
count: 607 
scan_faults: 1  data: 0
count: 608 
scan_faults: 1  data: 0
count: 609 
scan_faults: 1  data:  
count: 610 
scan_faults: 1  data: 

count: 611 
scan_faults: 1  data: 6
count: 612 
scan_faults: 1  data: 3
count: 613 
scan_faults: 1  data:  
count: 614 
scan_faults: 1  data: 4
count: 615 
scan_faults: 1  data: 4
count: 616 
scan_faults: 1  data:  
count: 617 
scan_faults: 1  data: 7
count: 618 
scan_faults: 1  data: 5
count: 619 
scan_faults: 1  data:  
count: 620 
scan_faults: 1  data: 0
count: 621 
scan_faults: 1  data: 0
count: 622 
scan_faults: 1  data:  
count: 623 
scan_faults: 1  data: 

count: 624 
scan_faults: 1  data: 1
count: 625 
scan_faults: 1  data: 3
count: 626 
scan_faults: 1  data:  
count: 627 
scan_faults: 1  data: 0
count: 628 
scan_faults: 1  data: 2
count: 629 
scan_faults: 1  data:  
count: 630 
scan_faults: 1  data: 4
count: 631 
scan_faults: 1  data: 0
count: 632 
scan_faults: 1  data:  
count: 633 
scan_faults: 1  data: 0
count: 634 
scan_faults: 1  data: 0
count: 635 
scan_faults: 1  data:  
count: 636 
scan_faults: 1  data: 

count: 637 
scan_faults: 1  data: b
count: 638 
scan_faults: 1  data: 3
count: 639 
scan_faults: 1  data:  
count: 640 
scan_faults: 1  data: d
count: 641 
scan_faults: 1  data: 5
count: 642 
scan_faults: 1  data:  
count: 643 
scan_faults: 1  data: 7
count: 644 
scan_faults: 1  data: 5
count: 645 
scan_faults: 1  data:  
count: 646 
scan_faults: 1  data: 0
count: 647 
scan_faults: 1  data: 0
count: 648 
scan_faults: 1  data:  
count: 649 
scan_faults: 1  data: 

count: 650 
scan_faults: 1  data: b
count: 651 
scan_faults: 1  data: 3
count: 652 
scan_faults: 1  data:  
count: 653 
scan_faults: 1  data: e
count: 654 
scan_faults: 1  data: 5
count: 655 
scan_faults: 1  data:  
count: 656 
scan_faults: 1  data: b
count: 657 
scan_faults: 1  data: 3
count: 658 
scan_faults: 1  data:  
count: 659 
scan_faults: 1  data: 0
count: 660 
scan_faults: 1  data: 0
count: 661 
scan_faults: 1  data:  
count: 662 
scan_faults: 1  data: 

count: 663 
scan_faults: 1  data: b
count: 664 
scan_faults: 1  data: 3
count: 665 
scan_faults: 1  data:  
count: 666 
scan_faults: 1  data: f
count: 667 
scan_faults: 1  data: 5
count: 668 
scan_faults: 1  data:  
count: 669 
scan_faults: 1  data: 7
count: 670 
scan_faults: 1  data: 5
count: 671 
scan_faults: 1  data:  
count: 672 
scan_faults: 1  data: 0
count: 673 
scan_faults: 1  data: 0
count: 674 
scan_faults: 1  data:  
count: 675 
scan_faults: 1  data: 

count: 676 
scan_faults: 1  data: 9
count: 677 
scan_faults: 1  data: 3
count: 678 
scan_faults: 1  data:  
count: 679 
scan_faults: 1  data: 0
count: 680 
scan_faults: 1  data: 1
count: 681 
scan_faults: 1  data:  
count: 682 
scan_faults: 1  data: 2
count: 683 
scan_faults: 1  data: 0
count: 684 
scan_faults: 1  data:  
count: 685 
scan_faults: 1  data: 4
count: 686 
scan_faults: 1  data: d
count: 687 
scan_faults: 1  data:  
count: 688 
scan_faults: 1  data: 

count: 689 
scan_faults: 1  data: 9
count: 690 
scan_faults: 1  data: 3
count: 691 
scan_faults: 1  data:  
count: 692 
scan_faults: 1  data: 0
count: 693 
scan_faults: 1  data: 2
count: 694 
scan_faults: 1  data:  
count: 695 
scan_faults: 1  data: 4
count: 696 
scan_faults: 1  data: 0
count: 697 
scan_faults: 1  data:  
count: 698 
scan_faults: 1  data: 0
count: 699 
scan_faults: 1  data: 1
count: 700 
scan_faults: 1  data:  
count: 701 
scan_faults: 1  data: 

count: 702 
scan_faults: 1  data: 2
count: 703 
scan_faults: 1  data: 3
count: 704 
scan_faults: 1  data:  
count: 705 
scan_faults: 1  data: 9
count: 706 
scan_faults: 1  data: 0
count: 707 
scan_faults: 1  data:  
count: 708 
scan_faults: 1  data: 3
count: 709 
scan_faults: 1  data: 2
count: 710 
scan_faults: 1  data:  
count: 711 
scan_faults: 1  data: 0
count: 712 
scan_faults: 1  data: 0
count: 713 
scan_faults: 1  data:  
count: 714 
scan_faults: 1  data: 

count: 715 
scan_faults: 1  data: 8
count: 716 
scan_faults: 1  data: 3
count: 717 
scan_faults: 1  data:  
count: 718 
scan_faults: 1  data: 9
count: 719 
scan_faults: 1  data: 1
count: 720 
scan_faults: 1  data:  
count: 721 
scan_faults: 1  data: 0
count: 722 
scan_faults: 1  data: 2
count: 723 
scan_faults: 1  data:  
count: 724 
scan_faults: 1  data: 0
count: 725 
scan_faults: 1  data: 0
count: 726 
scan_faults: 1  data:  
count: 727 
scan_faults: 1  data: 

count: 728 
scan_faults: 1  data: 0
count: 729 
scan_faults: 1  data: f
count: 730 
scan_faults: 1  data:  
count: 731 
scan_faults: 1  data: 0
count: 732 
scan_faults: 1  data: 0
count: 733 
scan_faults: 1  data:  
count: 734 
scan_faults: 1  data: 1
count: 735 
scan_faults: 1  data: 0
count: 736 
scan_faults: 1  data:  
count: 737 
scan_faults: 1  data: 0
count: 738 
scan_faults: 1  data: 1
count: 739 
scan_faults: 1  data:  
count: 740 
scan_faults: 1  data: 

count: 741 
scan_faults: 1  data: 1
count: 742 
scan_faults: 1  data: 3
count: 743 
scan_faults: 1  data:  
count: 744 
scan_faults: 1  data: 0
count: 745 
scan_faults: 1  data: 3
count: 746 
scan_faults: 1  data:  
count: 747 
scan_faults: 1  data: 2
count: 748 
scan_faults: 1  data: 0
count: 749 
scan_faults: 1  data:  
count: 750 
scan_faults: 1  data: 4
count: 751 
scan_faults: 1  data: d
count: 752 
scan_faults: 1  data:  
count: 753 
scan_faults: 1  data: 

count: 754 
scan_faults: 1  data: 9
count: 755 
scan_faults: 1  data: 3
count: 756 
scan_faults: 1  data:  
count: 757 
scan_faults: 1  data: 0
count: 758 
scan_faults: 1  data: 2
count: 759 
scan_faults: 1  data:  
count: 760 
scan_faults: 1  data: 0
count: 761 
scan_faults: 1  data: 0
count: 762 
scan_faults: 1  data:  
count: 763 
scan_faults: 1  data: 0
count: 764 
scan_faults: 1  data: 1
count: 765 
scan_faults: 1  data:  
count: 766 
scan_faults: 1  data: 

count: 767 
scan_faults: 1  data: 2
count: 768 
scan_faults: 1  data: 3
count: 769 
scan_faults: 1  data:  
count: 770 
scan_faults: 1  data: 8
count: 771 
scan_faults: 1  data: 0
count: 772 
scan_faults: 1  data:  
count: 773 
scan_faults: 1  data: 6
count: 774 
scan_faults: 1  data: 2
count: 775 
scan_faults: 1  data:  
count: 776 
scan_faults: 1  data: 0
count: 777 
scan_faults: 1  data: 0
count: 778 
scan_faults: 1  data:  
count: 779 
scan_faults: 1  data: 

count: 780 
scan_faults: 1  data: 8
count: 781 
scan_faults: 1  data: 3
count: 782 
scan_faults: 1  data:  
count: 783 
scan_faults: 1  data: c
count: 784 
scan_faults: 1  data: 3
count: 785 
scan_faults: 1  data:  
count: 786 
scan_faults: 1  data: 0
count: 787 
scan_faults: 1  data: 2
count: 788 
scan_faults: 1  data:  
count: 789 
scan_faults: 1  data: 0
count: 790 
scan_faults: 1  data: 0
count: 791 
scan_faults: 1  data:  
count: 792 
scan_faults: 1  data: 

count: 793 
scan_faults: 1  data: 7
count: 794 
scan_faults: 1  data: 3
count: 795 
scan_faults: 1  data:  
count: 796 
scan_faults: 1  data: 0
count: 797 
scan_faults: 1  data: 0
count: 798 
scan_faults: 1  data:  
count: 799 
scan_faults: 1  data: 1
count: 800 
scan_faults: 1  data: 0
count: 801 
scan_faults: 1  data:  
count: 802 
scan_faults: 1  data: 0
count: 803 
scan_faults: 1  data: 0
count: 804 
scan_faults: 1  data:  
count: 805 
scan_faults: 1  data: 

count: 806 
scan_faults: 1  data: 9
count: 807 
scan_faults: 1  data: 3
count: 808 
scan_faults: 1  data:  
count: 809 
scan_faults: 1  data: 0
count: 810 
scan_faults: 1  data: 6
count: 811 
scan_faults: 1  data:  
count: 812 
scan_faults: 1  data: d
count: 813 
scan_faults: 1  data: 0
count: 814 
scan_faults: 1  data:  
count: 815 
scan_faults: 1  data: 0
count: 816 
scan_faults: 1  data: 0
count: 817 
scan_faults: 1  data:  
count: 818 
scan_faults: 1  data: 

count: 819 
scan_faults: 1  data: 7
count: 820 
scan_faults: 1  data: 3
count: 821 
scan_faults: 1  data:  
count: 822 
scan_faults: 1  data: 0
count: 823 
scan_faults: 1  data: 0
count: 824 
scan_faults: 1  data:  
count: 825 
scan_faults: 1  data: 0
count: 826 
scan_faults: 1  data: 0
count: 827 
scan_faults: 1  data:  
count: 828 
scan_faults: 1  data: 0
count: 829 
scan_faults: 1  data: 0
count: 830 
scan_faults: 1  data:  
count: 831 
scan_faults: 1  data: 

count: 832 
scan_faults: 1  data: 1
count: 833 
scan_faults: 1  data: 3
count: 834 
scan_faults: 1  data:  
count: 835 
scan_faults: 1  data: 8
count: 836 
scan_faults: 1  data: 6
count: 837 
scan_faults: 1  data:  
count: 838 
scan_faults: 1  data: 9
count: 839 
scan_faults: 1  data: 6
count: 840 
scan_faults: 1  data:  
count: 841 
scan_faults: 1  data: 0
count: 842 
scan_faults: 1  data: 0
count: 843 
scan_faults: 1  data:  
count: 844 
scan_faults: 1  data: 

count: 845 
scan_faults: 1  data: 1
count: 846 
scan_faults: 1  data: 3
count: 847 
scan_faults: 1  data:  
count: 848 
scan_faults: 1  data: 0
count: 849 
scan_faults: 1  data: 2
count: 850 
scan_faults: 1  data:  
count: 851 
scan_faults: 1  data: 4
count: 852 
scan_faults: 1  data: 0
count: 853 
scan_faults: 1  data:  
count: 854 
scan_faults: 1  data: 0
count: 855 
scan_faults: 1  data: 0
count: 856 
scan_faults: 1  data:  
count: 857 
scan_faults: 0  data:  
count: 858 
WARNING: Index -1 is out of bounds
INFO: [USF-XSim-96] XSim completed. Design snapshot 'FullProcessor_tb_behav' loaded.
INFO: [USF-XSim-97] XSim simulation ran for 50000ns
launch_simulation: Time (s): cpu = 00:00:06 ; elapsed = 00:00:14 . Memory (MB): peak = 881.238 ; gain = 63.035
relaunch_sim
INFO: [SIM-utils-51] Simulation object is 'sim_1'
INFO: [USF-XSim-37] Inspecting design source files for 'FullProcessor_tb' in fileset 'sim_1'...
INFO: [SIM-utils-43] Exported 'C:/Users/CSE.CAL/Desktop/MarawanMahmoud/Lec_Project_Code_rules/MileStone 3 Simulation/MileStone 3/MileStone 3.sim/sim_1/behav/test1R_Itype.mem'
INFO: [SIM-utils-43] Exported 'C:/Users/CSE.CAL/Desktop/MarawanMahmoud/Lec_Project_Code_rules/MileStone 3 Simulation/MileStone 3/MileStone 3.sim/sim_1/behav/DataMemInit.mem'
INFO: [SIM-utils-43] Exported 'C:/Users/CSE.CAL/Desktop/MarawanMahmoud/Lec_Project_Code_rules/MileStone 3 Simulation/MileStone 3/MileStone 3.sim/sim_1/behav/test1R_Itype.mem'
INFO: [SIM-utils-43] Exported 'C:/Users/CSE.CAL/Desktop/MarawanMahmoud/Lec_Project_Code_rules/MileStone 3 Simulation/MileStone 3/MileStone 3.sim/sim_1/behav/DataMemInit.mem'
INFO: [USF-XSim-97] Finding global include files...
INFO: [USF-XSim-98] Fetching design files from 'sim_1'...
INFO: [USF-XSim-2] XSim::Compile design
INFO: [USF-XSim-61] Executing 'COMPILE and ANALYZE' step in 'C:/Users/CSE.CAL/Desktop/MarawanMahmoud/Lec_Project_Code_rules/MileStone 3 Simulation/MileStone 3/MileStone 3.sim/sim_1/behav'
"xvlog -m64 --relax -prj FullProcessor_tb_vlog.prj"
INFO: [VRFC 10-2263] Analyzing Verilog file "C:/Users/CSE.CAL/Desktop/MarawanMahmoud/Lec_Project_Code_rules/MileStone 3 Simulation/MileStone 3/MileStone 3.srcs/sources_1/imports/Lec_Project_Code_rules/dflipflop.v" into library xil_defaultlib
INFO: [VRFC 10-311] analyzing module dflipflop
INFO: [VRFC 10-2263] Analyzing Verilog file "C:/Users/CSE.CAL/Desktop/MarawanMahmoud/Lec_Project_Code_rules/MileStone 3 Simulation/MileStone 3/MileStone 3.srcs/sources_1/imports/Lec_Project_Code_rules/mux2.v" into library xil_defaultlib
INFO: [VRFC 10-311] analyzing module mux2
INFO: [VRFC 10-2263] Analyzing Verilog file "C:/Users/CSE.CAL/Desktop/MarawanMahmoud/Lec_Project_Code_rules/MileStone 3 Simulation/MileStone 3/MileStone 3.srcs/sources_1/imports/Lec_Project_Code_rules/Accumulativeflip.v" into library xil_defaultlib
INFO: [VRFC 10-311] analyzing module Accumulativeflip
INFO: [VRFC 10-2263] Analyzing Verilog file "C:/Users/CSE.CAL/Desktop/MarawanMahmoud/Lec_Project_Code_rules/MileStone 3 Simulation/MileStone 3/MileStone 3.srcs/sources_1/imports/Lec_Project_Code_rules/decoder32.v" into library xil_defaultlib
INFO: [VRFC 10-311] analyzing module decoder32
INFO: [VRFC 10-2263] Analyzing Verilog file "C:/Users/CSE.CAL/Desktop/MarawanMahmoud/Lec_Project_Code_rules/MileStone 3 Simulation/MileStone 3/MileStone 3.srcs/sources_1/new/SingleMem.v" into library xil_defaultlib
INFO: [VRFC 10-311] analyzing module SingleMem
INFO: [VRFC 10-2263] Analyzing Verilog file "C:/Users/CSE.CAL/Desktop/MarawanMahmoud/Lec_Project_Code_rules/MileStone 3 Simulation/MileStone 3/MileStone 3.srcs/sources_1/new/clkdivider.v" into library xil_defaultlib
INFO: [VRFC 10-311] analyzing module clkdivider
INFO: [VRFC 10-2263] Analyzing Verilog file "C:/Users/CSE.CAL/Desktop/MarawanMahmoud/Lec_Project_Code_rules/MileStone 3 Simulation/MileStone 3/MileStone 3.srcs/sources_1/new/ForwardingUnit.v" into library xil_defaultlib
INFO: [VRFC 10-311] analyzing module ForwardingUnit
INFO: [VRFC 10-2263] Analyzing Verilog file "C:/Users/CSE.CAL/Desktop/MarawanMahmoud/Lec_Project_Code_rules/MileStone 3 Simulation/MileStone 3/MileStone 3.srcs/sources_1/imports/Lec_Project_Code_rules/Regfile.v" into library xil_defaultlib
INFO: [VRFC 10-311] analyzing module RegFile
INFO: [VRFC 10-2263] Analyzing Verilog file "C:/Users/CSE.CAL/Desktop/MarawanMahmoud/Lec_Project_Code_rules/MileStone 3 Simulation/MileStone 3/MileStone 3.srcs/sources_1/imports/Lec_Project_Code_rules/prv32_ALU.v" into library xil_defaultlib
INFO: [VRFC 10-311] analyzing module shifter
INFO: [VRFC 10-311] analyzing module prv32_ALU
INFO: [VRFC 10-2263] Analyzing Verilog file "C:/Users/CSE.CAL/Desktop/MarawanMahmoud/Lec_Project_Code_rules/MileStone 3 Simulation/MileStone 3/MileStone 3.srcs/sources_1/imports/Lec_Project_Code_rules/muxarray.v" into library xil_defaultlib
INFO: [VRFC 10-311] analyzing module muxarray
INFO: [VRFC 10-2263] Analyzing Verilog file "C:/Users/CSE.CAL/Desktop/MarawanMahmoud/Lec_Project_Code_rules/MileStone 3 Simulation/MileStone 3/MileStone 3.srcs/sources_1/imports/Lec_Project_Code_rules/RippleCarryAdder.v" into library xil_defaultlib
INFO: [VRFC 10-311] analyzing module FullAdder
INFO: [VRFC 10-311] analyzing module ripple0
INFO: [VRFC 10-2263] Analyzing Verilog file "C:/Users/CSE.CAL/Desktop/MarawanMahmoud/Lec_Project_Code_rules/MileStone 3 Simulation/MileStone 3/MileStone 3.srcs/sources_1/imports/Lec_Project_Code_rules/ALU_control_unit.v" into library xil_defaultlib
INFO: [VRFC 10-311] analyzing module ALU_control_unit
INFO: [VRFC 10-2263] Analyzing Verilog file "C:/Users/CSE.CAL/Desktop/MarawanMahmoud/Lec_Project_Code_rules/MileStone 3 Simulation/MileStone 3/MileStone 3.srcs/sources_1/imports/Lec_Project_Code_rules/control_unit.v" into library xil_defaultlib
INFO: [VRFC 10-311] analyzing module control_unit
INFO: [VRFC 10-2263] Analyzing Verilog file "C:/Users/CSE.CAL/Desktop/MarawanMahmoud/Lec_Project_Code_rules/MileStone 3 Simulation/MileStone 3/MileStone 3.srcs/sources_1/imports/Lec_Project_Code_rules/mux4.v" into library xil_defaultlib
INFO: [VRFC 10-311] analyzing module mux4
INFO: [VRFC 10-2263] Analyzing Verilog file "C:/Users/CSE.CAL/Desktop/MarawanMahmoud/Lec_Project_Code_rules/MileStone 3 Simulation/MileStone 3/MileStone 3.srcs/sources_1/imports/Lec_Project_Code_rules/immgen.v" into library xil_defaultlib
INFO: [VRFC 10-311] analyzing module rv32_ImmGen
INFO: [VRFC 10-2263] Analyzing Verilog file "C:/Users/CSE.CAL/Desktop/MarawanMahmoud/Lec_Project_Code_rules/MileStone 3 Simulation/MileStone 3/MileStone 3.srcs/sources_1/imports/new/FullProcessorPipelined.v" into library xil_defaultlib
INFO: [VRFC 10-311] analyzing module FullProcessorPipelined
INFO: [VRFC 10-2263] Analyzing Verilog file "C:/Users/CSE.CAL/Desktop/MarawanMahmoud/Lec_Project_Code_rules/MileStone 3 Simulation/MileStone 3/MileStone 3.srcs/sim_1/imports/Lec_Project_Code_rules/FullProcessor_tb.v" into library xil_defaultlib
INFO: [VRFC 10-311] analyzing module FullProcessor_tb
INFO: [VRFC 10-2263] Analyzing Verilog file "C:/Users/CSE.CAL/Desktop/MarawanMahmoud/Lec_Project_Code_rules/MileStone 3 Simulation/MileStone 3/MileStone 3.sim/sim_1/behav/glbl.v" into library xil_defaultlib
INFO: [VRFC 10-311] analyzing module glbl
INFO: [USF-XSim-69] 'compile' step finished in '1' seconds
INFO: [USF-XSim-3] XSim::Elaborate design
INFO: [USF-XSim-61] Executing 'ELABORATE' step in 'C:/Users/CSE.CAL/Desktop/MarawanMahmoud/Lec_Project_Code_rules/MileStone 3 Simulation/MileStone 3/MileStone 3.sim/sim_1/behav'
Vivado Simulator 2016.4
Copyright 1986-1999, 2001-2016 Xilinx, Inc. All Rights Reserved.
Running: C:/Xilinx/Vivado/2016.4/bin/unwrapped/win64.o/xelab.exe -wto fbf0e0eefe394a4d893bada3069f5ee6 --debug typical --relax --mt 2 -L xil_defaultlib -L unisims_ver -L unimacro_ver -L secureip --snapshot FullProcessor_tb_behav xil_defaultlib.FullProcessor_tb xil_defaultlib.glbl -log elaborate.log 
Using 2 slave threads.
Starting static elaboration
WARNING: [VRFC 10-278] actual bit length 32 differs from formal bit length 1 for port sel [C:/Users/CSE.CAL/Desktop/MarawanMahmoud/Lec_Project_Code_rules/MileStone 3 Simulation/MileStone 3/MileStone 3.srcs/sources_1/imports/new/FullProcessorPipelined.v:57]
WARNING: [VRFC 10-278] actual bit length 32 differs from formal bit length 1 for port cin [C:/Users/CSE.CAL/Desktop/MarawanMahmoud/Lec_Project_Code_rules/MileStone 3 Simulation/MileStone 3/MileStone 3.srcs/sources_1/imports/new/FullProcessorPipelined.v:59]
WARNING: [VRFC 10-278] actual bit length 32 differs from formal bit length 1 for port regwrite [C:/Users/CSE.CAL/Desktop/MarawanMahmoud/Lec_Project_Code_rules/MileStone 3 Simulation/MileStone 3/MileStone 3.srcs/sources_1/imports/Lec_Project_Code_rules/Regfile.v:32]
WARNING: [VRFC 10-278] actual bit length 32 differs from formal bit length 1 for port sel [C:/Users/CSE.CAL/Desktop/MarawanMahmoud/Lec_Project_Code_rules/MileStone 3 Simulation/MileStone 3/MileStone 3.srcs/sources_1/imports/new/FullProcessorPipelined.v:101]
WARNING: [VRFC 10-278] actual bit length 32 differs from formal bit length 1 for port sel [C:/Users/CSE.CAL/Desktop/MarawanMahmoud/Lec_Project_Code_rules/MileStone 3 Simulation/MileStone 3/MileStone 3.srcs/sources_1/imports/new/FullProcessorPipelined.v:138]
WARNING: [VRFC 10-278] actual bit length 32 differs from formal bit length 1 for port cin [C:/Users/CSE.CAL/Desktop/MarawanMahmoud/Lec_Project_Code_rules/MileStone 3 Simulation/MileStone 3/MileStone 3.srcs/sources_1/imports/new/FullProcessorPipelined.v:161]
WARNING: [VRFC 10-278] actual bit length 32 differs from formal bit length 9 for port b [C:/Users/CSE.CAL/Desktop/MarawanMahmoud/Lec_Project_Code_rules/MileStone 3 Simulation/MileStone 3/MileStone 3.srcs/sources_1/imports/new/FullProcessorPipelined.v:170]
WARNING: [VRFC 10-278] actual bit length 32 differs from formal bit length 1 for port sel [C:/Users/CSE.CAL/Desktop/MarawanMahmoud/Lec_Project_Code_rules/MileStone 3 Simulation/MileStone 3/MileStone 3.srcs/sources_1/imports/new/FullProcessorPipelined.v:186]
WARNING: [VRFC 10-278] actual bit length 32 differs from formal bit length 1 for port sel [C:/Users/CSE.CAL/Desktop/MarawanMahmoud/Lec_Project_Code_rules/MileStone 3 Simulation/MileStone 3/MileStone 3.srcs/sources_1/imports/new/FullProcessorPipelined.v:231]
Completed static elaboration
Starting simulation data flow analysis
WARNING: [XSIM 43-4099] "C:/Users/CSE.CAL/Desktop/MarawanMahmoud/Lec_Project_Code_rules/MileStone 3 Simulation/MileStone 3/MileStone 3.srcs/sources_1/imports/Lec_Project_Code_rules/immgen.v" Line 3. Module rv32_ImmGen doesn't have a timescale but at least one module in design has a timescale.
WARNING: [XSIM 43-4099] "C:/Users/CSE.CAL/Desktop/MarawanMahmoud/Lec_Project_Code_rules/MileStone 3 Simulation/MileStone 3/MileStone 3.srcs/sources_1/imports/Lec_Project_Code_rules/prv32_ALU.v" Line 22. Module prv32_ALU doesn't have a timescale but at least one module in design has a timescale.
WARNING: [XSIM 43-4099] "C:/Users/CSE.CAL/Desktop/MarawanMahmoud/Lec_Project_Code_rules/MileStone 3 Simulation/MileStone 3/MileStone 3.srcs/sources_1/imports/Lec_Project_Code_rules/prv32_ALU.v" Line 3. Module shifter doesn't have a timescale but at least one module in design has a timescale.
WARNING: [XSIM 43-4099] "C:/Users/CSE.CAL/Desktop/MarawanMahmoud/Lec_Project_Code_rules/MileStone 3 Simulation/MileStone 3/MileStone 3.srcs/sources_1/imports/Lec_Project_Code_rules/prv32_ALU.v" Line 3. Module shifter doesn't have a timescale but at least one module in design has a timescale.
WARNING: [XSIM 43-4099] "C:/Users/CSE.CAL/Desktop/MarawanMahmoud/Lec_Project_Code_rules/MileStone 3 Simulation/MileStone 3/MileStone 3.srcs/sources_1/imports/Lec_Project_Code_rules/immgen.v" Line 3. Module rv32_ImmGen doesn't have a timescale but at least one module in design has a timescale.
WARNING: [XSIM 43-4099] "C:/Users/CSE.CAL/Desktop/MarawanMahmoud/Lec_Project_Code_rules/MileStone 3 Simulation/MileStone 3/MileStone 3.srcs/sources_1/imports/Lec_Project_Code_rules/prv32_ALU.v" Line 22. Module prv32_ALU doesn't have a timescale but at least one module in design has a timescale.
WARNING: [XSIM 43-4099] "C:/Users/CSE.CAL/Desktop/MarawanMahmoud/Lec_Project_Code_rules/MileStone 3 Simulation/MileStone 3/MileStone 3.srcs/sources_1/imports/Lec_Project_Code_rules/prv32_ALU.v" Line 3. Module shifter doesn't have a timescale but at least one module in design has a timescale.
WARNING: [XSIM 43-4099] "C:/Users/CSE.CAL/Desktop/MarawanMahmoud/Lec_Project_Code_rules/MileStone 3 Simulation/MileStone 3/MileStone 3.srcs/sources_1/imports/Lec_Project_Code_rules/prv32_ALU.v" Line 3. Module shifter doesn't have a timescale but at least one module in design has a timescale.
Completed simulation data flow analysis
Time Resolution for simulation is 1ps
Compiling module xil_defaultlib.clkdivider
Compiling module xil_defaultlib.mux2
Compiling module xil_defaultlib.muxarray_default
Compiling module xil_defaultlib.dflipflop
Compiling module xil_defaultlib.Accumulativeflip(N=64)
Compiling module xil_defaultlib.FullAdder
Compiling module xil_defaultlib.ripple0_default
Compiling module xil_defaultlib.control_unit
Compiling module xil_defaultlib.muxarray(N=10)
Compiling module xil_defaultlib.Accumulativeflip_default
Compiling module xil_defaultlib.decoder32
Compiling module xil_defaultlib.RegFile_default
Compiling module xil_defaultlib.rv32_ImmGen
Compiling module xil_defaultlib.Accumulativeflip(N=169)
Compiling module xil_defaultlib.ForwardingUnit
Compiling module xil_defaultlib.ALU_control_unit
Compiling module xil_defaultlib.mux4
Compiling module xil_defaultlib.shifter
Compiling module xil_defaultlib.prv32_ALU
Compiling module xil_defaultlib.muxarray(N=9)
Compiling module xil_defaultlib.Accumulativeflip(N=149)
Compiling module xil_defaultlib.SingleMem
Compiling module xil_defaultlib.Accumulativeflip(N=104)
Compiling module xil_defaultlib.FullProcessorPipelined
Compiling module xil_defaultlib.FullProcessor_tb
Compiling module xil_defaultlib.glbl
Built simulation snapshot FullProcessor_tb_behav
INFO: [USF-XSim-69] 'elaborate' step finished in '2' seconds
Vivado Simulator 2016.4
Time resolution is 1 ps
scan_faults: 1  data: 9
count: 1 
scan_faults: 1  data: 3
count: 2 
scan_faults: 1  data:  
count: 3 
scan_faults: 1  data: 0
count: 4 
scan_faults: 1  data: 0
count: 5 
scan_faults: 1  data:  
count: 6 
scan_faults: 1  data: a
count: 7 
scan_faults: 1  data: 0
count: 8 
scan_faults: 1  data:  
count: 9 
scan_faults: 1  data: 0
count: 10 
scan_faults: 1  data: 0
count: 11 
scan_faults: 1  data:  
count: 12 
scan_faults: 1  data: 

count: 13 
scan_faults: 1  data: 1
count: 14 
scan_faults: 1  data: 3
count: 15 
scan_faults: 1  data:  
count: 16 
scan_faults: 1  data: 0
count: 17 
scan_faults: 1  data: 1
count: 18 
scan_faults: 1  data:  
count: 19 
scan_faults: 1  data: 9
count: 20 
scan_faults: 1  data: 0
count: 21 
scan_faults: 1  data:  
count: 22 
scan_faults: 1  data: 0
count: 23 
scan_faults: 1  data: 0
count: 24 
scan_faults: 1  data:  
count: 25 
scan_faults: 1  data: 

count: 26 
scan_faults: 1  data: 3
count: 27 
scan_faults: 1  data: 7
count: 28 
scan_faults: 1  data:  
count: 29 
scan_faults: 1  data: 0
count: 30 
scan_faults: 1  data: 2
count: 31 
scan_faults: 1  data:  
count: 32 
scan_faults: 1  data: 7
count: 33 
scan_faults: 1  data: 1
count: 34 
scan_faults: 1  data:  
count: 35 
scan_faults: 1  data: 0
count: 36 
scan_faults: 1  data: 2
count: 37 
scan_faults: 1  data:  
count: 38 
scan_faults: 1  data: 

count: 39 
scan_faults: 1  data: 9
count: 40 
scan_faults: 1  data: 7
count: 41 
scan_faults: 1  data:  
count: 42 
scan_faults: 1  data: 0
count: 43 
scan_faults: 1  data: 2
count: 44 
scan_faults: 1  data:  
count: 45 
scan_faults: 1  data: 7
count: 46 
scan_faults: 1  data: 1
count: 47 
scan_faults: 1  data:  
count: 48 
scan_faults: 1  data: 0
count: 49 
scan_faults: 1  data: 2
count: 50 
scan_faults: 1  data:  
count: 51 
scan_faults: 1  data: 

count: 52 
scan_faults: 1  data: e
count: 53 
scan_faults: 1  data: f
count: 54 
scan_faults: 1  data:  
count: 55 
scan_faults: 1  data: 0
count: 56 
scan_faults: 1  data: 1
count: 57 
scan_faults: 1  data:  
count: 58 
scan_faults: 1  data: 8
count: 59 
scan_faults: 1  data: 0
count: 60 
scan_faults: 1  data:  
count: 61 
scan_faults: 1  data: 0
count: 62 
scan_faults: 1  data: 0
count: 63 
scan_faults: 1  data:  
count: 64 
scan_faults: 1  data: 

count: 65 
scan_faults: 1  data: 1
count: 66 
scan_faults: 1  data: 3
count: 67 
scan_faults: 1  data:  
count: 68 
scan_faults: 1  data: 0
count: 69 
scan_faults: 1  data: 2
count: 70 
scan_faults: 1  data:  
count: 71 
scan_faults: 1  data: 4
count: 72 
scan_faults: 1  data: 0
count: 73 
scan_faults: 1  data:  
count: 74 
scan_faults: 1  data: 0
count: 75 
scan_faults: 1  data: 0
count: 76 
scan_faults: 1  data:  
count: 77 
scan_faults: 1  data: 

count: 78 
scan_faults: 1  data: 3
count: 79 
scan_faults: 1  data: 3
count: 80 
scan_faults: 1  data:  
count: 81 
scan_faults: 1  data: 0
count: 82 
scan_faults: 1  data: 3
count: 83 
scan_faults: 1  data:  
count: 84 
scan_faults: 1  data: 3
count: 85 
scan_faults: 1  data: 1
count: 86 
scan_faults: 1  data:  
count: 87 
scan_faults: 1  data: 0
count: 88 
scan_faults: 1  data: 0
count: 89 
scan_faults: 1  data:  
count: 90 
scan_faults: 1  data: 

count: 91 
scan_faults: 1  data: 1
count: 92 
scan_faults: 1  data: 3
count: 93 
scan_faults: 1  data:  
count: 94 
scan_faults: 1  data: 0
count: 95 
scan_faults: 1  data: 1
count: 96 
scan_faults: 1  data:  
count: 97 
scan_faults: 1  data: 1
count: 98 
scan_faults: 1  data: 3
count: 99 
scan_faults: 1  data:  
count: 100 
scan_faults: 1  data: 0
count: 101 
scan_faults: 1  data: 0
count: 102 
scan_faults: 1  data:  
count: 103 
scan_faults: 1  data: 

count: 104 
scan_faults: 1  data: e
count: 105 
scan_faults: 1  data: 7
count: 106 
scan_faults: 1  data:  
count: 107 
scan_faults: 1  data: 8
count: 108 
scan_faults: 1  data: 1
count: 109 
scan_faults: 1  data:  
count: 110 
scan_faults: 1  data: 2
count: 111 
scan_faults: 1  data: 0
count: 112 
scan_faults: 1  data:  
count: 113 
scan_faults: 1  data: 0
count: 114 
scan_faults: 1  data: 2
count: 115 
scan_faults: 1  data:  
count: 116 
scan_faults: 1  data: 

count: 117 
scan_faults: 1  data: 1
count: 118 
scan_faults: 1  data: 3
count: 119 
scan_faults: 1  data:  
count: 120 
scan_faults: 1  data: 0
count: 121 
scan_faults: 1  data: 3
count: 122 
scan_faults: 1  data:  
count: 123 
scan_faults: 1  data: 4
count: 124 
scan_faults: 1  data: 0
count: 125 
scan_faults: 1  data:  
count: 126 
scan_faults: 1  data: 0
count: 127 
scan_faults: 1  data: 6
count: 128 
scan_faults: 1  data:  
count: 129 
scan_faults: 1  data: 

count: 130 
scan_faults: 1  data: 1
count: 131 
scan_faults: 1  data: 3
count: 132 
scan_faults: 1  data:  
count: 133 
scan_faults: 1  data: 0
count: 134 
scan_faults: 1  data: 2
count: 135 
scan_faults: 1  data:  
count: 136 
scan_faults: 1  data: 4
count: 137 
scan_faults: 1  data: 0
count: 138 
scan_faults: 1  data:  
count: 139 
scan_faults: 1  data: 0
count: 140 
scan_faults: 1  data: 6
count: 141 
scan_faults: 1  data:  
count: 142 
scan_faults: 1  data: 

count: 143 
scan_faults: 1  data: 9
count: 144 
scan_faults: 1  data: 3
count: 145 
scan_faults: 1  data:  
count: 146 
scan_faults: 1  data: 0
count: 147 
scan_faults: 1  data: 2
count: 148 
scan_faults: 1  data:  
count: 149 
scan_faults: 1  data: 3
count: 150 
scan_faults: 1  data: 0
count: 151 
scan_faults: 1  data:  
count: 152 
scan_faults: 1  data: 0
count: 153 
scan_faults: 1  data: 1
count: 154 
scan_faults: 1  data:  
count: 155 
scan_faults: 1  data: 

count: 156 
scan_faults: 1  data: 9
count: 157 
scan_faults: 1  data: 3
count: 158 
scan_faults: 1  data:  
count: 159 
scan_faults: 1  data: 8
count: 160 
scan_faults: 1  data: 6
count: 161 
scan_faults: 1  data:  
count: 162 
scan_faults: 1  data: 1
count: 163 
scan_faults: 1  data: 2
count: 164 
scan_faults: 1  data:  
count: 165 
scan_faults: 1  data: 0
count: 166 
scan_faults: 1  data: 0
count: 167 
scan_faults: 1  data:  
count: 168 
scan_faults: 1  data: 

count: 169 
scan_faults: 1  data: 9
count: 170 
scan_faults: 1  data: 3
count: 171 
scan_faults: 1  data:  
count: 172 
scan_faults: 1  data: a
count: 173 
scan_faults: 1  data: 0
count: 174 
scan_faults: 1  data:  
count: 175 
scan_faults: 1  data: f
count: 176 
scan_faults: 1  data: 2
count: 177 
scan_faults: 1  data:  
count: 178 
scan_faults: 1  data: f
count: 179 
scan_faults: 1  data: e
count: 180 
scan_faults: 1  data:  
count: 181 
scan_faults: 1  data: 

count: 182 
scan_faults: 1  data: 6
count: 183 
scan_faults: 1  data: 3
count: 184 
scan_faults: 1  data:  
count: 185 
scan_faults: 1  data: 8
count: 186 
scan_faults: 1  data: 4
count: 187 
scan_faults: 1  data:  
count: 188 
scan_faults: 1  data: 0
count: 189 
scan_faults: 1  data: 0
count: 190 
scan_faults: 1  data:  
count: 191 
scan_faults: 1  data: 0
count: 192 
scan_faults: 1  data: 0
count: 193 
scan_faults: 1  data:  
count: 194 
scan_faults: 1  data: 

count: 195 
scan_faults: 1  data: 1
count: 196 
scan_faults: 1  data: 3
count: 197 
scan_faults: 1  data:  
count: 198 
scan_faults: 1  data: 0
count: 199 
scan_faults: 1  data: 2
count: 200 
scan_faults: 1  data:  
count: 201 
scan_faults: 1  data: 4
count: 202 
scan_faults: 1  data: 0
count: 203 
scan_faults: 1  data:  
count: 204 
scan_faults: 1  data: 0
count: 205 
scan_faults: 1  data: 0
count: 206 
scan_faults: 1  data:  
count: 207 
scan_faults: 1  data: 

count: 208 
scan_faults: 1  data: 1
count: 209 
scan_faults: 1  data: 3
count: 210 
scan_faults: 1  data:  
count: 211 
scan_faults: 1  data: b
count: 212 
scan_faults: 1  data: 1
count: 213 
scan_faults: 1  data:  
count: 214 
scan_faults: 1  data: f
count: 215 
scan_faults: 1  data: 2
count: 216 
scan_faults: 1  data:  
count: 217 
scan_faults: 1  data: f
count: 218 
scan_faults: 1  data: e
count: 219 
scan_faults: 1  data:  
count: 220 
scan_faults: 1  data: 

count: 221 
scan_faults: 1  data: 1
count: 222 
scan_faults: 1  data: 3
count: 223 
scan_faults: 1  data:  
count: 224 
scan_faults: 1  data: 4
count: 225 
scan_faults: 1  data: 2
count: 226 
scan_faults: 1  data:  
count: 227 
scan_faults: 1  data: 9
count: 228 
scan_faults: 1  data: 3
count: 229 
scan_faults: 1  data:  
count: 230 
scan_faults: 1  data: 0
count: 231 
scan_faults: 1  data: 1
count: 232 
scan_faults: 1  data:  
count: 233 
scan_faults: 1  data: 

count: 234 
scan_faults: 1  data: 1
count: 235 
scan_faults: 1  data: 3
count: 236 
scan_faults: 1  data:  
count: 237 
scan_faults: 1  data: 6
count: 238 
scan_faults: 1  data: 2
count: 239 
scan_faults: 1  data:  
count: 240 
scan_faults: 1  data: 9
count: 241 
scan_faults: 1  data: 2
count: 242 
scan_faults: 1  data:  
count: 243 
scan_faults: 1  data: 0
count: 244 
scan_faults: 1  data: 1
count: 245 
scan_faults: 1  data:  
count: 246 
scan_faults: 1  data: 

count: 247 
scan_faults: 1  data: 9
count: 248 
scan_faults: 1  data: 3
count: 249 
scan_faults: 1  data:  
count: 250 
scan_faults: 1  data: 7
count: 251 
scan_faults: 1  data: 2
count: 252 
scan_faults: 1  data:  
count: 253 
scan_faults: 1  data: 8
count: 254 
scan_faults: 1  data: 2
count: 255 
scan_faults: 1  data:  
count: 256 
scan_faults: 1  data: 0
count: 257 
scan_faults: 1  data: 1
count: 258 
scan_faults: 1  data:  
count: 259 
scan_faults: 1  data: 

count: 260 
scan_faults: 1  data: 6
count: 261 
scan_faults: 1  data: 3
count: 262 
scan_faults: 1  data:  
count: 263 
scan_faults: 1  data: 9
count: 264 
scan_faults: 1  data: 4
count: 265 
scan_faults: 1  data:  
count: 266 
scan_faults: 1  data: 4
count: 267 
scan_faults: 1  data: 2
count: 268 
scan_faults: 1  data:  
count: 269 
scan_faults: 1  data: 0
count: 270 
scan_faults: 1  data: 0
count: 271 
scan_faults: 1  data:  
count: 272 
scan_faults: 1  data: 

count: 273 
scan_faults: 1  data: 1
count: 274 
scan_faults: 1  data: 3
count: 275 
scan_faults: 1  data:  
count: 276 
scan_faults: 1  data: 0
count: 277 
scan_faults: 1  data: 2
count: 278 
scan_faults: 1  data:  
count: 279 
scan_faults: 1  data: 4
count: 280 
scan_faults: 1  data: 0
count: 281 
scan_faults: 1  data:  
count: 282 
scan_faults: 1  data: 0
count: 283 
scan_faults: 1  data: 0
count: 284 
scan_faults: 1  data:  
count: 285 
scan_faults: 1  data: 

count: 286 
scan_faults: 1  data: 9
count: 287 
scan_faults: 1  data: 3
count: 288 
scan_faults: 1  data:  
count: 289 
scan_faults: 1  data: 9
count: 290 
scan_faults: 1  data: 2
count: 291 
scan_faults: 1  data:  
count: 292 
scan_faults: 1  data: 2
count: 293 
scan_faults: 1  data: 2
count: 294 
scan_faults: 1  data:  
count: 295 
scan_faults: 1  data: 0
count: 296 
scan_faults: 1  data: 0
count: 297 
scan_faults: 1  data:  
count: 298 
scan_faults: 1  data: 

count: 299 
scan_faults: 1  data: 1
count: 300 
scan_faults: 1  data: 3
count: 301 
scan_faults: 1  data:  
count: 302 
scan_faults: 1  data: d
count: 303 
scan_faults: 1  data: 3
count: 304 
scan_faults: 1  data:  
count: 305 
scan_faults: 1  data: 4
count: 306 
scan_faults: 1  data: 2
count: 307 
scan_faults: 1  data:  
count: 308 
scan_faults: 1  data: 0
count: 309 
scan_faults: 1  data: 0
count: 310 
scan_faults: 1  data:  
count: 311 
scan_faults: 1  data: 

count: 312 
scan_faults: 1  data: b
count: 313 
scan_faults: 1  data: 3
count: 314 
scan_faults: 1  data:  
count: 315 
scan_faults: 1  data: 0
count: 316 
scan_faults: 1  data: 3
count: 317 
scan_faults: 1  data:  
count: 318 
scan_faults: 1  data: 6
count: 319 
scan_faults: 1  data: 1
count: 320 
scan_faults: 1  data:  
count: 321 
scan_faults: 1  data: 0
count: 322 
scan_faults: 1  data: 0
count: 323 
scan_faults: 1  data:  
count: 324 
scan_faults: 1  data: 

count: 325 
scan_faults: 1  data: 3
count: 326 
scan_faults: 1  data: 3
count: 327 
scan_faults: 1  data:  
count: 328 
scan_faults: 1  data: 8
count: 329 
scan_faults: 1  data: 3
count: 330 
scan_faults: 1  data:  
count: 331 
scan_faults: 1  data: 4
count: 332 
scan_faults: 1  data: 3
count: 333 
scan_faults: 1  data:  
count: 334 
scan_faults: 1  data: 4
count: 335 
scan_faults: 1  data: 0
count: 336 
scan_faults: 1  data:  
count: 337 
scan_faults: 1  data: 

count: 338 
scan_faults: 1  data: 6
count: 339 
scan_faults: 1  data: 3
count: 340 
scan_faults: 1  data:  
count: 341 
scan_faults: 1  data: e
count: 342 
scan_faults: 1  data: 4
count: 343 
scan_faults: 1  data:  
count: 344 
scan_faults: 1  data: 6
count: 345 
scan_faults: 1  data: 3
count: 346 
scan_faults: 1  data:  
count: 347 
scan_faults: 1  data: 0
count: 348 
scan_faults: 1  data: 0
count: 349 
scan_faults: 1  data:  
count: 350 
scan_faults: 1  data: 

count: 351 
scan_faults: 1  data: 1
count: 352 
scan_faults: 1  data: 3
count: 353 
scan_faults: 1  data:  
count: 354 
scan_faults: 1  data: 0
count: 355 
scan_faults: 1  data: 2
count: 356 
scan_faults: 1  data:  
count: 357 
scan_faults: 1  data: 4
count: 358 
scan_faults: 1  data: 0
count: 359 
scan_faults: 1  data:  
count: 360 
scan_faults: 1  data: 0
count: 361 
scan_faults: 1  data: 0
count: 362 
scan_faults: 1  data:  
count: 363 
scan_faults: 1  data: 

count: 364 
scan_faults: 1  data: 9
count: 365 
scan_faults: 1  data: 3
count: 366 
scan_faults: 1  data:  
count: 367 
scan_faults: 1  data: 0
count: 368 
scan_faults: 1  data: 0
count: 369 
scan_faults: 1  data:  
count: 370 
scan_faults: 1  data: a
count: 371 
scan_faults: 1  data: 0
count: 372 
scan_faults: 1  data:  
count: 373 
scan_faults: 1  data: 0
count: 374 
scan_faults: 1  data: 0
count: 375 
scan_faults: 1  data:  
count: 376 
scan_faults: 1  data: 

count: 377 
scan_faults: 1  data: 2
count: 378 
scan_faults: 1  data: 3
count: 379 
scan_faults: 1  data:  
count: 380 
scan_faults: 1  data: a
count: 381 
scan_faults: 1  data: 0
count: 382 
scan_faults: 1  data:  
count: 383 
scan_faults: 1  data: 1
count: 384 
scan_faults: 1  data: 0
count: 385 
scan_faults: 1  data:  
count: 386 
scan_faults: 1  data: 0
count: 387 
scan_faults: 1  data: 0
count: 388 
scan_faults: 1  data:  
count: 389 
scan_faults: 1  data: 

count: 390 
scan_faults: 1  data: 0
count: 391 
scan_faults: 1  data: 3
count: 392 
scan_faults: 1  data:  
count: 393 
scan_faults: 1  data: a
count: 394 
scan_faults: 1  data: 2
count: 395 
scan_faults: 1  data:  
count: 396 
scan_faults: 1  data: 0
count: 397 
scan_faults: 1  data: 0
count: 398 
scan_faults: 1  data:  
count: 399 
scan_faults: 1  data: 0
count: 400 
scan_faults: 1  data: 0
count: 401 
scan_faults: 1  data:  
count: 402 
scan_faults: 1  data: 

count: 403 
scan_faults: 1  data: 1
count: 404 
scan_faults: 1  data: 3
count: 405 
scan_faults: 1  data:  
count: 406 
scan_faults: 1  data: 0
count: 407 
scan_faults: 1  data: 1
count: 408 
scan_faults: 1  data:  
count: 409 
scan_faults: 1  data: 2
count: 410 
scan_faults: 1  data: 0
count: 411 
scan_faults: 1  data:  
count: 412 
scan_faults: 1  data: 4
count: 413 
scan_faults: 1  data: d
count: 414 
scan_faults: 1  data:  
count: 415 
scan_faults: 1  data: 

count: 416 
scan_faults: 1  data: 9
count: 417 
scan_faults: 1  data: 3
count: 418 
scan_faults: 1  data:  
count: 419 
scan_faults: 1  data: 0
count: 420 
scan_faults: 1  data: 2
count: 421 
scan_faults: 1  data:  
count: 422 
scan_faults: 1  data: 0
count: 423 
scan_faults: 1  data: 0
count: 424 
scan_faults: 1  data:  
count: 425 
scan_faults: 1  data: 0
count: 426 
scan_faults: 1  data: 1
count: 427 
scan_faults: 1  data:  
count: 428 
scan_faults: 1  data: 

count: 429 
scan_faults: 1  data: 2
count: 430 
scan_faults: 1  data: 3
count: 431 
scan_faults: 1  data:  
count: 432 
scan_faults: 1  data: 8
count: 433 
scan_faults: 1  data: 0
count: 434 
scan_faults: 1  data:  
count: 435 
scan_faults: 1  data: 2
count: 436 
scan_faults: 1  data: 2
count: 437 
scan_faults: 1  data:  
count: 438 
scan_faults: 1  data: 0
count: 439 
scan_faults: 1  data: 0
count: 440 
scan_faults: 1  data:  
count: 441 
scan_faults: 1  data: 

count: 442 
scan_faults: 1  data: 0
count: 443 
scan_faults: 1  data: 3
count: 444 
scan_faults: 1  data:  
count: 445 
scan_faults: 1  data: 8
count: 446 
scan_faults: 1  data: 1
count: 447 
scan_faults: 1  data:  
count: 448 
scan_faults: 1  data: 0
count: 449 
scan_faults: 1  data: 2
count: 450 
scan_faults: 1  data:  
count: 451 
scan_faults: 1  data: 0
count: 452 
scan_faults: 1  data: 0
count: 453 
scan_faults: 1  data:  
count: 454 
scan_faults: 1  data: 

count: 455 
scan_faults: 1  data: 6
count: 456 
scan_faults: 1  data: 3
count: 457 
scan_faults: 1  data:  
count: 458 
scan_faults: 1  data: 4
count: 459 
scan_faults: 1  data: 4
count: 460 
scan_faults: 1  data:  
count: 461 
scan_faults: 1  data: 7
count: 462 
scan_faults: 1  data: 3
count: 463 
scan_faults: 1  data:  
count: 464 
scan_faults: 1  data: 0
count: 465 
scan_faults: 1  data: 0
count: 466 
scan_faults: 1  data:  
count: 467 
scan_faults: 1  data: 

count: 468 
scan_faults: 1  data: 1
count: 469 
scan_faults: 1  data: 3
count: 470 
scan_faults: 1  data:  
count: 471 
scan_faults: 1  data: 0
count: 472 
scan_faults: 1  data: 2
count: 473 
scan_faults: 1  data:  
count: 474 
scan_faults: 1  data: 4
count: 475 
scan_faults: 1  data: 0
count: 476 
scan_faults: 1  data:  
count: 477 
scan_faults: 1  data: 0
count: 478 
scan_faults: 1  data: 0
count: 479 
scan_faults: 1  data:  
count: 480 
scan_faults: 1  data: 

count: 481 
scan_faults: 1  data: 9
count: 482 
scan_faults: 1  data: 3
count: 483 
scan_faults: 1  data:  
count: 484 
scan_faults: 1  data: 0
count: 485 
scan_faults: 1  data: 3
count: 486 
scan_faults: 1  data:  
count: 487 
scan_faults: 1  data: 2
count: 488 
scan_faults: 1  data: 0
count: 489 
scan_faults: 1  data:  
count: 490 
scan_faults: 1  data: 0
count: 491 
scan_faults: 1  data: 0
count: 492 
scan_faults: 1  data:  
count: 493 
scan_faults: 1  data: 

count: 494 
scan_faults: 1  data: 3
count: 495 
scan_faults: 1  data: 3
count: 496 
scan_faults: 1  data:  
count: 497 
scan_faults: 1  data: 9
count: 498 
scan_faults: 1  data: 4
count: 499 
scan_faults: 1  data:  
count: 500 
scan_faults: 1  data: 7
count: 501 
scan_faults: 1  data: 3
count: 502 
scan_faults: 1  data:  
count: 503 
scan_faults: 1  data: 0
count: 504 
scan_faults: 1  data: 0
count: 505 
scan_faults: 1  data:  
count: 506 
scan_faults: 1  data: 

count: 507 
scan_faults: 1  data: b
count: 508 
scan_faults: 1  data: 3
count: 509 
scan_faults: 1  data:  
count: 510 
scan_faults: 1  data: a
count: 511 
scan_faults: 1  data: 4
count: 512 
scan_faults: 1  data:  
count: 513 
scan_faults: 1  data: 8
count: 514 
scan_faults: 1  data: 3
count: 515 
scan_faults: 1  data:  
count: 516 
scan_faults: 1  data: 0
count: 517 
scan_faults: 1  data: 0
count: 518 
scan_faults: 1  data:  
count: 519 
scan_faults: 1  data: 

count: 520 
scan_faults: 1  data: 9
count: 521 
scan_faults: 1  data: 3
count: 522 
scan_faults: 1  data:  
count: 523 
scan_faults: 1  data: 0
count: 524 
scan_faults: 1  data: 3
count: 525 
scan_faults: 1  data:  
count: 526 
scan_faults: 1  data: 6
count: 527 
scan_faults: 1  data: 0
count: 528 
scan_faults: 1  data:  
count: 529 
scan_faults: 1  data: f
count: 530 
scan_faults: 1  data: f
count: 531 
scan_faults: 1  data:  
count: 532 
scan_faults: 1  data: 

count: 533 
scan_faults: 1  data: 6
count: 534 
scan_faults: 1  data: 3
count: 535 
scan_faults: 1  data:  
count: 536 
scan_faults: 1  data: f
count: 537 
scan_faults: 1  data: 4
count: 538 
scan_faults: 1  data:  
count: 539 
scan_faults: 1  data: 9
count: 540 
scan_faults: 1  data: 3
count: 541 
scan_faults: 1  data:  
count: 542 
scan_faults: 1  data: 0
count: 543 
scan_faults: 1  data: 0
count: 544 
scan_faults: 1  data:  
count: 545 
scan_faults: 1  data: 

count: 546 
scan_faults: 1  data: 1
count: 547 
scan_faults: 1  data: 3
count: 548 
scan_faults: 1  data:  
count: 549 
scan_faults: 1  data: 0
count: 550 
scan_faults: 1  data: 2
count: 551 
scan_faults: 1  data:  
count: 552 
scan_faults: 1  data: 4
count: 553 
scan_faults: 1  data: 0
count: 554 
scan_faults: 1  data:  
count: 555 
scan_faults: 1  data: 0
count: 556 
scan_faults: 1  data: 0
count: 557 
scan_faults: 1  data:  
count: 558 
scan_faults: 1  data: 

count: 559 
scan_faults: 1  data: 3
count: 560 
scan_faults: 1  data: 3
count: 561 
scan_faults: 1  data:  
count: 562 
scan_faults: 1  data: 3
count: 563 
scan_faults: 1  data: 5
count: 564 
scan_faults: 1  data:  
count: 565 
scan_faults: 1  data: 7
count: 566 
scan_faults: 1  data: 4
count: 567 
scan_faults: 1  data:  
count: 568 
scan_faults: 1  data: 0
count: 569 
scan_faults: 1  data: 0
count: 570 
scan_faults: 1  data:  
count: 571 
scan_faults: 1  data: 

count: 572 
scan_faults: 1  data: 3
count: 573 
scan_faults: 1  data: 3
count: 574 
scan_faults: 1  data:  
count: 575 
scan_faults: 1  data: 2
count: 576 
scan_faults: 1  data: 5
count: 577 
scan_faults: 1  data:  
count: 578 
scan_faults: 1  data: 7
count: 579 
scan_faults: 1  data: 4
count: 580 
scan_faults: 1  data:  
count: 581 
scan_faults: 1  data: 0
count: 582 
scan_faults: 1  data: 0
count: 583 
scan_faults: 1  data:  
count: 584 
scan_faults: 1  data: 

count: 585 
scan_faults: 1  data: b
count: 586 
scan_faults: 1  data: 3
count: 587 
scan_faults: 1  data:  
count: 588 
scan_faults: 1  data: 4
count: 589 
scan_faults: 1  data: 5
count: 590 
scan_faults: 1  data:  
count: 591 
scan_faults: 1  data: 6
count: 592 
scan_faults: 1  data: 4
count: 593 
scan_faults: 1  data:  
count: 594 
scan_faults: 1  data: 0
count: 595 
scan_faults: 1  data: 0
count: 596 
scan_faults: 1  data:  
count: 597 
scan_faults: 1  data: 

count: 598 
scan_faults: 1  data: 9
count: 599 
scan_faults: 1  data: 3
count: 600 
scan_faults: 1  data:  
count: 601 
scan_faults: 1  data: 0
count: 602 
scan_faults: 1  data: 3
count: 603 
scan_faults: 1  data:  
count: 604 
scan_faults: 1  data: 2
count: 605 
scan_faults: 1  data: 0
count: 606 
scan_faults: 1  data:  
count: 607 
scan_faults: 1  data: 0
count: 608 
scan_faults: 1  data: 0
count: 609 
scan_faults: 1  data:  
count: 610 
scan_faults: 1  data: 

count: 611 
scan_faults: 1  data: 6
count: 612 
scan_faults: 1  data: 3
count: 613 
scan_faults: 1  data:  
count: 614 
scan_faults: 1  data: 4
count: 615 
scan_faults: 1  data: 4
count: 616 
scan_faults: 1  data:  
count: 617 
scan_faults: 1  data: 7
count: 618 
scan_faults: 1  data: 5
count: 619 
scan_faults: 1  data:  
count: 620 
scan_faults: 1  data: 0
count: 621 
scan_faults: 1  data: 0
count: 622 
scan_faults: 1  data:  
count: 623 
scan_faults: 1  data: 

count: 624 
scan_faults: 1  data: 1
count: 625 
scan_faults: 1  data: 3
count: 626 
scan_faults: 1  data:  
count: 627 
scan_faults: 1  data: 0
count: 628 
scan_faults: 1  data: 2
count: 629 
scan_faults: 1  data:  
count: 630 
scan_faults: 1  data: 4
count: 631 
scan_faults: 1  data: 0
count: 632 
scan_faults: 1  data:  
count: 633 
scan_faults: 1  data: 0
count: 634 
scan_faults: 1  data: 0
count: 635 
scan_faults: 1  data:  
count: 636 
scan_faults: 1  data: 

count: 637 
scan_faults: 1  data: b
count: 638 
scan_faults: 1  data: 3
count: 639 
scan_faults: 1  data:  
count: 640 
scan_faults: 1  data: d
count: 641 
scan_faults: 1  data: 5
count: 642 
scan_faults: 1  data:  
count: 643 
scan_faults: 1  data: 7
count: 644 
scan_faults: 1  data: 5
count: 645 
scan_faults: 1  data:  
count: 646 
scan_faults: 1  data: 0
count: 647 
scan_faults: 1  data: 0
count: 648 
scan_faults: 1  data:  
count: 649 
scan_faults: 1  data: 

count: 650 
scan_faults: 1  data: b
count: 651 
scan_faults: 1  data: 3
count: 652 
scan_faults: 1  data:  
count: 653 
scan_faults: 1  data: e
count: 654 
scan_faults: 1  data: 5
count: 655 
scan_faults: 1  data:  
count: 656 
scan_faults: 1  data: b
count: 657 
scan_faults: 1  data: 3
count: 658 
scan_faults: 1  data:  
count: 659 
scan_faults: 1  data: 0
count: 660 
scan_faults: 1  data: 0
count: 661 
scan_faults: 1  data:  
count: 662 
scan_faults: 1  data: 

count: 663 
scan_faults: 1  data: b
count: 664 
scan_faults: 1  data: 3
count: 665 
scan_faults: 1  data:  
count: 666 
scan_faults: 1  data: f
count: 667 
scan_faults: 1  data: 5
count: 668 
scan_faults: 1  data:  
count: 669 
scan_faults: 1  data: 7
count: 670 
scan_faults: 1  data: 5
count: 671 
scan_faults: 1  data:  
count: 672 
scan_faults: 1  data: 0
count: 673 
scan_faults: 1  data: 0
count: 674 
scan_faults: 1  data:  
count: 675 
scan_faults: 1  data: 

count: 676 
scan_faults: 1  data: 9
count: 677 
scan_faults: 1  data: 3
count: 678 
scan_faults: 1  data:  
count: 679 
scan_faults: 1  data: 0
count: 680 
scan_faults: 1  data: 1
count: 681 
scan_faults: 1  data:  
count: 682 
scan_faults: 1  data: 2
count: 683 
scan_faults: 1  data: 0
count: 684 
scan_faults: 1  data:  
count: 685 
scan_faults: 1  data: 4
count: 686 
scan_faults: 1  data: d
count: 687 
scan_faults: 1  data:  
count: 688 
scan_faults: 1  data: 

count: 689 
scan_faults: 1  data: 9
count: 690 
scan_faults: 1  data: 3
count: 691 
scan_faults: 1  data:  
count: 692 
scan_faults: 1  data: 0
count: 693 
scan_faults: 1  data: 2
count: 694 
scan_faults: 1  data:  
count: 695 
scan_faults: 1  data: 4
count: 696 
scan_faults: 1  data: 0
count: 697 
scan_faults: 1  data:  
count: 698 
scan_faults: 1  data: 0
count: 699 
scan_faults: 1  data: 1
count: 700 
scan_faults: 1  data:  
count: 701 
scan_faults: 1  data: 

count: 702 
scan_faults: 1  data: 2
count: 703 
scan_faults: 1  data: 3
count: 704 
scan_faults: 1  data:  
count: 705 
scan_faults: 1  data: 9
count: 706 
scan_faults: 1  data: 0
count: 707 
scan_faults: 1  data:  
count: 708 
scan_faults: 1  data: 3
count: 709 
scan_faults: 1  data: 2
count: 710 
scan_faults: 1  data:  
count: 711 
scan_faults: 1  data: 0
count: 712 
scan_faults: 1  data: 0
count: 713 
scan_faults: 1  data:  
count: 714 
scan_faults: 1  data: 

count: 715 
scan_faults: 1  data: 8
count: 716 
scan_faults: 1  data: 3
count: 717 
scan_faults: 1  data:  
count: 718 
scan_faults: 1  data: 9
count: 719 
scan_faults: 1  data: 1
count: 720 
scan_faults: 1  data:  
count: 721 
scan_faults: 1  data: 0
count: 722 
scan_faults: 1  data: 2
count: 723 
scan_faults: 1  data:  
count: 724 
scan_faults: 1  data: 0
count: 725 
scan_faults: 1  data: 0
count: 726 
scan_faults: 1  data:  
count: 727 
scan_faults: 1  data: 

count: 728 
scan_faults: 1  data: 0
count: 729 
scan_faults: 1  data: f
count: 730 
scan_faults: 1  data:  
count: 731 
scan_faults: 1  data: 0
count: 732 
scan_faults: 1  data: 0
count: 733 
scan_faults: 1  data:  
count: 734 
scan_faults: 1  data: 1
count: 735 
scan_faults: 1  data: 0
count: 736 
scan_faults: 1  data:  
count: 737 
scan_faults: 1  data: 0
count: 738 
scan_faults: 1  data: 1
count: 739 
scan_faults: 1  data:  
count: 740 
scan_faults: 1  data: 

count: 741 
scan_faults: 1  data: 1
count: 742 
scan_faults: 1  data: 3
count: 743 
scan_faults: 1  data:  
count: 744 
scan_faults: 1  data: 0
count: 745 
scan_faults: 1  data: 3
count: 746 
scan_faults: 1  data:  
count: 747 
scan_faults: 1  data: 2
count: 748 
scan_faults: 1  data: 0
count: 749 
scan_faults: 1  data:  
count: 750 
scan_faults: 1  data: 4
count: 751 
scan_faults: 1  data: d
count: 752 
scan_faults: 1  data:  
count: 753 
scan_faults: 1  data: 

count: 754 
scan_faults: 1  data: 9
count: 755 
scan_faults: 1  data: 3
count: 756 
scan_faults: 1  data:  
count: 757 
scan_faults: 1  data: 0
count: 758 
scan_faults: 1  data: 2
count: 759 
scan_faults: 1  data:  
count: 760 
scan_faults: 1  data: 0
count: 761 
scan_faults: 1  data: 0
count: 762 
scan_faults: 1  data:  
count: 763 
scan_faults: 1  data: 0
count: 764 
scan_faults: 1  data: 1
count: 765 
scan_faults: 1  data:  
count: 766 
scan_faults: 1  data: 

count: 767 
scan_faults: 1  data: 2
count: 768 
scan_faults: 1  data: 3
count: 769 
scan_faults: 1  data:  
count: 770 
scan_faults: 1  data: 8
count: 771 
scan_faults: 1  data: 0
count: 772 
scan_faults: 1  data:  
count: 773 
scan_faults: 1  data: 6
count: 774 
scan_faults: 1  data: 2
count: 775 
scan_faults: 1  data:  
count: 776 
scan_faults: 1  data: 0
count: 777 
scan_faults: 1  data: 0
count: 778 
scan_faults: 1  data:  
count: 779 
scan_faults: 1  data: 

count: 780 
scan_faults: 1  data: 8
count: 781 
scan_faults: 1  data: 3
count: 782 
scan_faults: 1  data:  
count: 783 
scan_faults: 1  data: c
count: 784 
scan_faults: 1  data: 3
count: 785 
scan_faults: 1  data:  
count: 786 
scan_faults: 1  data: 0
count: 787 
scan_faults: 1  data: 2
count: 788 
scan_faults: 1  data:  
count: 789 
scan_faults: 1  data: 0
count: 790 
scan_faults: 1  data: 0
count: 791 
scan_faults: 1  data:  
count: 792 
scan_faults: 1  data: 

count: 793 
scan_faults: 1  data: 7
count: 794 
scan_faults: 1  data: 3
count: 795 
scan_faults: 1  data:  
count: 796 
scan_faults: 1  data: 0
count: 797 
scan_faults: 1  data: 0
count: 798 
scan_faults: 1  data:  
count: 799 
scan_faults: 1  data: 1
count: 800 
scan_faults: 1  data: 0
count: 801 
scan_faults: 1  data:  
count: 802 
scan_faults: 1  data: 0
count: 803 
scan_faults: 1  data: 0
count: 804 
scan_faults: 1  data:  
count: 805 
scan_faults: 1  data: 

count: 806 
scan_faults: 1  data: 9
count: 807 
scan_faults: 1  data: 3
count: 808 
scan_faults: 1  data:  
count: 809 
scan_faults: 1  data: 0
count: 810 
scan_faults: 1  data: 6
count: 811 
scan_faults: 1  data:  
count: 812 
scan_faults: 1  data: d
count: 813 
scan_faults: 1  data: 0
count: 814 
scan_faults: 1  data:  
count: 815 
scan_faults: 1  data: 0
count: 816 
scan_faults: 1  data: 0
count: 817 
scan_faults: 1  data:  
count: 818 
scan_faults: 1  data: 

count: 819 
scan_faults: 1  data: 7
count: 820 
scan_faults: 1  data: 3
count: 821 
scan_faults: 1  data:  
count: 822 
scan_faults: 1  data: 0
count: 823 
scan_faults: 1  data: 0
count: 824 
scan_faults: 1  data:  
count: 825 
scan_faults: 1  data: 0
count: 826 
scan_faults: 1  data: 0
count: 827 
scan_faults: 1  data:  
count: 828 
scan_faults: 1  data: 0
count: 829 
scan_faults: 1  data: 0
count: 830 
scan_faults: 1  data:  
count: 831 
scan_faults: 1  data: 

count: 832 
scan_faults: 1  data: 1
count: 833 
scan_faults: 1  data: 3
count: 834 
scan_faults: 1  data:  
count: 835 
scan_faults: 1  data: 8
count: 836 
scan_faults: 1  data: 6
count: 837 
scan_faults: 1  data:  
count: 838 
scan_faults: 1  data: 9
count: 839 
scan_faults: 1  data: 6
count: 840 
scan_faults: 1  data:  
count: 841 
scan_faults: 1  data: 0
count: 842 
scan_faults: 1  data: 0
count: 843 
scan_faults: 1  data:  
count: 844 
scan_faults: 1  data: 

count: 845 
scan_faults: 1  data: 1
count: 846 
scan_faults: 1  data: 3
count: 847 
scan_faults: 1  data:  
count: 848 
scan_faults: 1  data: 0
count: 849 
scan_faults: 1  data: 2
count: 850 
scan_faults: 1  data:  
count: 851 
scan_faults: 1  data: 4
count: 852 
scan_faults: 1  data: 0
count: 853 
scan_faults: 1  data:  
count: 854 
scan_faults: 1  data: 0
count: 855 
scan_faults: 1  data: 0
count: 856 
scan_faults: 1  data:  
count: 857 
scan_faults: 0  data:  
count: 858 
WARNING: Index -1 is out of bounds
relaunch_sim: Time (s): cpu = 00:00:03 ; elapsed = 00:00:08 . Memory (MB): peak = 884.891 ; gain = 0.000
close_sim
INFO: [Simtcl 6-16] Simulation closed
exit
INFO: [Common 17-206] Exiting Vivado at Tue Nov 24 17:05:54 2020...
