Vivado Simulator 2016.4
Time resolution is 1 ps
scan_faults: 1  data: 9
count: 1 
scan_faults: 1  data: 3
count: 2 
scan_faults: 1  data:  
count: 3 
scan_faults: 1  data: 0
count: 4 
scan_faults: 1  data: 0
count: 5 
scan_faults: 1  data:  
count: 6 
scan_faults: 1  data: a
count: 7 
scan_faults: 1  data: 0
count: 8 
scan_faults: 1  data:  
count: 9 
scan_faults: 1  data: 0
count: 10 
scan_faults: 1  data: 0
count: 11 
scan_faults: 1  data:  
count: 12 
scan_faults: 1  data: 

count: 13 
scan_faults: 1  data: 2
count: 14 
scan_faults: 1  data: 3
count: 15 
scan_faults: 1  data:  
count: 16 
scan_faults: 1  data: a
count: 17 
scan_faults: 1  data: 0
count: 18 
scan_faults: 1  data:  
count: 19 
scan_faults: 1  data: 1
count: 20 
scan_faults: 1  data: 0
count: 21 
scan_faults: 1  data:  
count: 22 
scan_faults: 1  data: 0
count: 23 
scan_faults: 1  data: 0
count: 24 
scan_faults: 1  data:  
count: 25 
scan_faults: 1  data: 

count: 26 
scan_faults: 1  data: 0
count: 27 
scan_faults: 1  data: 3
count: 28 
scan_faults: 1  data:  
count: 29 
scan_faults: 1  data: a
count: 30 
scan_faults: 1  data: 2
count: 31 
scan_faults: 1  data:  
count: 32 
scan_faults: 1  data: 0
count: 33 
scan_faults: 1  data: 0
count: 34 
scan_faults: 1  data:  
count: 35 
scan_faults: 1  data: 0
count: 36 
scan_faults: 1  data: 0
count: 37 
scan_faults: 1  data:  
count: 38 
scan_faults: 1  data: 

count: 39 
scan_faults: 1  data: 1
count: 40 
scan_faults: 1  data: 3
count: 41 
scan_faults: 1  data:  
count: 42 
scan_faults: 1  data: 0
count: 43 
scan_faults: 1  data: 1
count: 44 
scan_faults: 1  data:  
count: 45 
scan_faults: 1  data: 2
count: 46 
scan_faults: 1  data: 0
count: 47 
scan_faults: 1  data:  
count: 48 
scan_faults: 1  data: 4
count: 49 
scan_faults: 1  data: d
count: 50 
scan_faults: 1  data:  
count: 51 
scan_faults: 1  data: 

count: 52 
scan_faults: 1  data: 9
count: 53 
scan_faults: 1  data: 3
count: 54 
scan_faults: 1  data:  
count: 55 
scan_faults: 1  data: 0
count: 56 
scan_faults: 1  data: 2
count: 57 
scan_faults: 1  data:  
count: 58 
scan_faults: 1  data: 0
count: 59 
scan_faults: 1  data: 0
count: 60 
scan_faults: 1  data:  
count: 61 
scan_faults: 1  data: 0
count: 62 
scan_faults: 1  data: 1
count: 63 
scan_faults: 1  data:  
count: 64 
scan_faults: 1  data: 

count: 65 
scan_faults: 1  data: 2
count: 66 
scan_faults: 1  data: 3
count: 67 
scan_faults: 1  data:  
count: 68 
scan_faults: 1  data: 8
count: 69 
scan_faults: 1  data: 0
count: 70 
scan_faults: 1  data:  
count: 71 
scan_faults: 1  data: 2
count: 72 
scan_faults: 1  data: 2
count: 73 
scan_faults: 1  data:  
count: 74 
scan_faults: 1  data: 0
count: 75 
scan_faults: 1  data: 0
count: 76 
scan_faults: 1  data:  
count: 77 
scan_faults: 1  data: 

count: 78 
scan_faults: 1  data: 0
count: 79 
scan_faults: 1  data: 3
count: 80 
scan_faults: 1  data:  
count: 81 
scan_faults: 1  data: 8
count: 82 
scan_faults: 1  data: 1
count: 83 
scan_faults: 1  data:  
count: 84 
scan_faults: 1  data: 0
count: 85 
scan_faults: 1  data: 2
count: 86 
scan_faults: 1  data:  
count: 87 
scan_faults: 1  data: 0
count: 88 
scan_faults: 1  data: 0
count: 89 
scan_faults: 1  data:  
count: 90 
scan_faults: 1  data: 

count: 91 
scan_faults: 1  data: 9
count: 92 
scan_faults: 1  data: 3
count: 93 
scan_faults: 1  data:  
count: 94 
scan_faults: 1  data: 0
count: 95 
scan_faults: 1  data: 1
count: 96 
scan_faults: 1  data:  
count: 97 
scan_faults: 1  data: 2
count: 98 
scan_faults: 1  data: 0
count: 99 
scan_faults: 1  data:  
count: 100 
scan_faults: 1  data: 4
count: 101 
scan_faults: 1  data: d
count: 102 
scan_faults: 1  data:  
count: 103 
scan_faults: 1  data: 

count: 104 
scan_faults: 1  data: 9
count: 105 
scan_faults: 1  data: 3
count: 106 
scan_faults: 1  data:  
count: 107 
scan_faults: 1  data: 0
count: 108 
scan_faults: 1  data: 2
count: 109 
scan_faults: 1  data:  
count: 110 
scan_faults: 1  data: 4
count: 111 
scan_faults: 1  data: 0
count: 112 
scan_faults: 1  data:  
count: 113 
scan_faults: 1  data: 0
count: 114 
scan_faults: 1  data: 1
count: 115 
scan_faults: 1  data:  
count: 116 
scan_faults: 1  data: 

count: 117 
scan_faults: 1  data: 2
count: 118 
scan_faults: 1  data: 3
count: 119 
scan_faults: 1  data:  
count: 120 
scan_faults: 1  data: 9
count: 121 
scan_faults: 1  data: 0
count: 122 
scan_faults: 1  data:  
count: 123 
scan_faults: 1  data: 3
count: 124 
scan_faults: 1  data: 2
count: 125 
scan_faults: 1  data:  
count: 126 
scan_faults: 1  data: 0
count: 127 
scan_faults: 1  data: 0
count: 128 
scan_faults: 1  data:  
count: 129 
scan_faults: 1  data: 

count: 130 
scan_faults: 1  data: 8
count: 131 
scan_faults: 1  data: 3
count: 132 
scan_faults: 1  data:  
count: 133 
scan_faults: 1  data: 9
count: 134 
scan_faults: 1  data: 1
count: 135 
scan_faults: 1  data:  
count: 136 
scan_faults: 1  data: 0
count: 137 
scan_faults: 1  data: 2
count: 138 
scan_faults: 1  data:  
count: 139 
scan_faults: 1  data: 0
count: 140 
scan_faults: 1  data: 0
count: 141 
scan_faults: 1  data:  
count: 142 
scan_faults: 1  data: 

count: 143 
scan_faults: 1  data: 1
count: 144 
scan_faults: 1  data: 3
count: 145 
scan_faults: 1  data:  
count: 146 
scan_faults: 1  data: 0
count: 147 
scan_faults: 1  data: 3
count: 148 
scan_faults: 1  data:  
count: 149 
scan_faults: 1  data: 2
count: 150 
scan_faults: 1  data: 0
count: 151 
scan_faults: 1  data:  
count: 152 
scan_faults: 1  data: 4
count: 153 
scan_faults: 1  data: d
count: 154 
scan_faults: 1  data:  
count: 155 
scan_faults: 1  data: 

count: 156 
scan_faults: 1  data: 9
count: 157 
scan_faults: 1  data: 3
count: 158 
scan_faults: 1  data:  
count: 159 
scan_faults: 1  data: 0
count: 160 
scan_faults: 1  data: 2
count: 161 
scan_faults: 1  data:  
count: 162 
scan_faults: 1  data: 0
count: 163 
scan_faults: 1  data: 0
count: 164 
scan_faults: 1  data:  
count: 165 
scan_faults: 1  data: 0
count: 166 
scan_faults: 1  data: 1
count: 167 
scan_faults: 1  data:  
count: 168 
scan_faults: 1  data: 

count: 169 
scan_faults: 1  data: 2
count: 170 
scan_faults: 1  data: 3
count: 171 
scan_faults: 1  data:  
count: 172 
scan_faults: 1  data: 8
count: 173 
scan_faults: 1  data: 0
count: 174 
scan_faults: 1  data:  
count: 175 
scan_faults: 1  data: 6
count: 176 
scan_faults: 1  data: 2
count: 177 
scan_faults: 1  data:  
count: 178 
scan_faults: 1  data: 0
count: 179 
scan_faults: 1  data: 0
count: 180 
scan_faults: 1  data:  
count: 181 
scan_faults: 1  data: 

count: 182 
scan_faults: 1  data: 8
count: 183 
scan_faults: 1  data: 3
count: 184 
scan_faults: 1  data:  
count: 185 
scan_faults: 1  data: c
count: 186 
scan_faults: 1  data: 3
count: 187 
scan_faults: 1  data:  
count: 188 
scan_faults: 1  data: 0
count: 189 
scan_faults: 1  data: 2
count: 190 
scan_faults: 1  data:  
count: 191 
scan_faults: 1  data: 0
count: 192 
scan_faults: 1  data: 0
count: 193 
scan_faults: 1  data:  
count: 194 
scan_faults: 1  data: 

count: 195 
scan_faults: 0  data:  
count: 196 
WARNING: Index -1 is out of bounds
